#
# A fatal error has been detected by the Java Runtime Environment:
#
#  SIGSEGV (0xb) at pc=0x0000000000000000, pid=12162, tid=139758996207360
#
# JRE version: 6.0_24-b24
# Java VM: OpenJDK 64-Bit Server VM (20.0-b12 mixed mode linux-amd64 compressed oops)
# Derivative: IcedTea6 1.11.5
# Distribution: Scientific Linux release 6.3 (Carbon), package rhel-1.50.1.11.5.el6_3-x86_64
# Problematic frame:
# C  0x0000000000000000
#
# If you would like to submit a bug report, please include
# instructions how to reproduce the bug and visit:
#   http://icedtea.classpath.org/bugzilla
#

---------------  T H R E A D  ---------------

Current thread (0x00007f1c4c13e800):  JavaThread "Frame pusher" [_thread_in_Java, id=12181, stack(0x00007f1c2d42b000,0x00007f1c2d52c000)]

siginfo:si_signo=SIGSEGV: si_errno=0, si_code=1 (SEGV_MAPERR), si_addr=0x0000000000000000

Registers:
RAX=0x0000000000000000, RBX=0x00007f1c2d52a7a0, RCX=0x0000000000000001, RDX=0x0000000000000000
RSP=0x00007f1c2d52a7c0, RBP=0xffc0000000000000, RSI=0x00007f1c2d52a710, RDI=0x00007f1c4900585a
R8 =0x000000000003c000, R9 =0x0000000000000028, R10=0x00007f1c521e9120, R11=0x00000000f15f03e0
R12=0x0000000000000000, R13=0x00007f1c490e4d4c, R14=0x00007f1c2d52a798, R15=0x00007f1c4c13e800
RIP=0x0000000000000000, EFLAGS=0x0000000000014246, CSGSFS=0x0000000000000033, ERR=0x0000000000000014
  TRAPNO=0x000000000000000e

Top of Stack: (sp=0x00007f1c2d52a7c0)
0x00007f1c2d52a7c0:   000000f000000077 00000077000000f0
0x00007f1c2d52a7d0:   ff7a8857000000f2 00000000ecd2e518
0x00007f1c2d52a7e0:   000000f900000079 00000000c3d85ab0
0x00007f1c2d52a7f0:   00000000000000f0 4000000000000000
0x00007f1c2d52a800:   0000001700000001 00000000f15f0078
0x00007f1c2d52a810:   00000000ecd27110 3fe921fb54442d18
0x00007f1c2d52a820:   0000003800000077 00000000ecd2ce70
0x00007f1c2d52a830:   00007f1c490cfdfc 00007f1c000000f1
0x00007f1c2d52a840:   00000000f15f0078 00007f1c490cf7b0
0x00007f1c2d52a850:   00007f1c00000001 00000000c3d85ab0
0x00007f1c2d52a860:   00000000f15f0078 0000013c6805cc15
0x00007f1c2d52a870:   00000000f15f00c0 000000003de2a090
0x00007f1c2d52a880:   00000000f15f00f0 00000000f15f0108
0x00007f1c2d52a890:   00000000ecd22810 00000000ecd22828
0x00007f1c2d52a8a0:   00000000ecd22840 00000000f15f00c0
0x00007f1c2d52a8b0:   00000000f15f00d8 00000000f15f00f0
0x00007f1c2d52a8c0:   00000000f15f0108 0000000000000050
0x00007f1c2d52a8d0:   00000000ecd22840 00000000f15f0120
0x00007f1c2d52a8e0:   00000000ecd227b0 00000000ecd227f0
0x00007f1c2d52a8f0:   000002ff0000020f 00000000ec43cdc0
0x00007f1c2d52a900:   0000018f00000037 000000000000027f
0x00007f1c2d52a910:   00007f1c2d52a950 00000000b9ab88f8
0x00007f1c2d52a920:   00007f1c2d52a998 00007f1c4900585a
0x00007f1c2d52a930:   00007f1c4900585a 0000013c6805cc15
0x00007f1c2d52a940:   00007f1c2d52a998 00000000f087ea98
0x00007f1c2d52a950:   00000000c3d85ab0 00007f1c2d52a958
0x00007f1c2d52a960:   00000000b9ad5d79 00007f1c2d52a9c8
0x00007f1c2d52a970:   00000000b9ad6168 0000000000000000
0x00007f1c2d52a980:   00000000b9ad5db8 00007f1c2d52a938
0x00007f1c2d52a990:   00007f1c2d52a9c0 00007f1c2d52aa10
0x00007f1c2d52a9a0:   00007f1c49005d34 00000000f15f0078
0x00007f1c2d52a9b0:   0000013c6805cc15 0000000000000000 

Instructions: (pc=0x0000000000000000)
0xffffffffffffffe0:   

Register to memory mapping:

RAX=0x0000000000000000 is an unknown value
RBX=0x00007f1c2d52a7a0 is pointing into the stack for thread: 0x00007f1c4c13e800
RCX=0x0000000000000001 is an unknown value
RDX=0x0000000000000000 is an unknown value
RSP=0x00007f1c2d52a7c0 is pointing into the stack for thread: 0x00007f1c4c13e800
RBP=0xffc0000000000000 is an unknown value
RSI=0x00007f1c2d52a710 is pointing into the stack for thread: 0x00007f1c4c13e800
RDI=0x00007f1c4900585a is an Interpreter codelet
return entry points  [0x00007f1c49005140, 0x00007f1c49006700]  5568 bytes
R8 =0x000000000003c000 is an unknown value
R9 =0x0000000000000028 is an unknown value
R10=0x00007f1c521e9120: <offset 0xbd3120> in /usr/lib/jvm/java-1.6.0-openjdk-1.6.0.0.x86_64/jre/lib/amd64/server/libjvm.so at 0x00007f1c51616000
R11=0x00000000f15f03e0 is an oop
sun.java2d.StateTrackableDelegate 
 - klass: 'sun/java2d/StateTrackableDelegate'
R12=0x0000000000000000 is an unknown value
R13=0x00007f1c490e2410 [CodeBlob (0x00007f1c490e2410)]
Framesize: 22
R14=0x00007f1c2d52a798 is pointing into the stack for thread: 0x00007f1c4c13e800
R15=0x00007f1c4c13e800 is a thread


Stack: [0x00007f1c2d42b000,0x00007f1c2d52c000],  sp=0x00007f1c2d52a7c0,  free space=1021k

---------------  P R O C E S S  ---------------

Java Threads: ( => current thread )
  0x00007f1c4c007800 JavaThread "DestroyJavaVM" [_thread_blocked, id=12167, stack(0x00007f1c51515000,0x00007f1c51616000)]
  0x00007f1c4c236800 JavaThread "AWT-EventQueue-0" [_thread_blocked, id=12189, stack(0x00007f1c2c90a000,0x00007f1c2ca0b000)]
  0x00007f1c4c22a800 JavaThread "AWT-Shutdown" [_thread_blocked, id=12188, stack(0x00007f1c2c809000,0x00007f1c2c90a000)]
  0x00007f1c4c22a000 JavaThread "AWT-XAWT" daemon [_thread_in_native, id=12183, stack(0x00007f1c2ca0b000,0x00007f1c2cb0c000)]
  0x00007f1c4c170000 JavaThread "Java2D Disposer" daemon [_thread_blocked, id=12182, stack(0x00007f1c2d0ef000,0x00007f1c2d1f0000)]
=>0x00007f1c4c13e800 JavaThread "Frame pusher" [_thread_in_Java, id=12181, stack(0x00007f1c2d42b000,0x00007f1c2d52c000)]
  0x00007f1c4c099800 JavaThread "Low Memory Detector" daemon [_thread_blocked, id=12176, stack(0x00007f1c487f8000,0x00007f1c488f9000)]
  0x00007f1c4c097800 JavaThread "C2 CompilerThread1" daemon [_thread_blocked, id=12175, stack(0x00007f1c488f9000,0x00007f1c489fa000)]
  0x00007f1c4c094800 JavaThread "C2 CompilerThread0" daemon [_thread_blocked, id=12174, stack(0x00007f1c489fa000,0x00007f1c48afb000)]
  0x00007f1c4c093000 JavaThread "Signal Dispatcher" daemon [_thread_blocked, id=12173, stack(0x00007f1c48afb000,0x00007f1c48bfc000)]
  0x00007f1c4c074000 JavaThread "Finalizer" daemon [_thread_blocked, id=12172, stack(0x00007f1c48bfc000,0x00007f1c48cfd000)]
  0x00007f1c4c072000 JavaThread "Reference Handler" daemon [_thread_blocked, id=12171, stack(0x00007f1c48cfd000,0x00007f1c48dfe000)]

Other Threads:
  0x00007f1c4c06b000 VMThread [stack: 0x00007f1c48dfe000,0x00007f1c48eff000] [id=12170]
  0x00007f1c4c0a4800 WatcherThread [stack: 0x00007f1c486f7000,0x00007f1c487f8000] [id=12177]

VM state:not at safepoint (normal execution)

VM Mutex/Monitor currently owned by a thread: None

Heap
 PSYoungGen      total 78976K, used 16969K [0x00000000ebeb0000, 0x00000000f17d0000, 0x0000000100000000)
  eden space 77056K, 19% used [0x00000000ebeb0000,0x00000000ecd687c8,0x00000000f09f0000)
  from space 1920K, 98% used [0x00000000f15f0000,0x00000000f17ca020,0x00000000f17d0000)
  to   space 2880K, 0% used [0x00000000f1230000,0x00000000f1230000,0x00000000f1500000)
 PSOldGen        total 23808K, used 6615K [0x00000000c3c00000, 0x00000000c5340000, 0x00000000ebeb0000)
  object space 23808K, 27% used [0x00000000c3c00000,0x00000000c4275e28,0x00000000c5340000)
 PSPermGen       total 30400K, used 14600K [0x00000000b9600000, 0x00000000bb3b0000, 0x00000000c3c00000)
  object space 30400K, 48% used [0x00000000b9600000,0x00000000ba4421b0,0x00000000bb3b0000)

Code Cache  [0x00007f1c49000000, 0x00007f1c49270000, 0x00007f1c4c000000)
 total_blobs=656 nmethods=191 adapters=419 free_code_cache=49219776 largest_free_block=12672

Dynamic libraries:
00400000-00408000 r-xp 00000000 08:01 2262302                            /usr/lib/jvm/java-1.6.0-openjdk-1.6.0.0.x86_64/bin/java
00608000-00609000 rw-p 00008000 08:01 2262302                            /usr/lib/jvm/java-1.6.0-openjdk-1.6.0.0.x86_64/bin/java
01be2000-01d6b000 rw-p 00000000 00:00 0                                  [heap]
b9600000-bb3b0000 rw-p 00000000 00:00 0 
bb3b0000-bb600000 ---p 00000000 00:00 0 
bb600000-c3c00000 rw-p 00000000 00:00 0 
c3c00000-c5340000 rw-p 00000000 00:00 0 
c5340000-c6430000 ---p 00000000 00:00 0 
c6430000-ebeb0000 rw-p 00000000 00:00 0 
ebeb0000-f17d0000 rw-p 00000000 00:00 0 
f17d0000-100000000 ---p 00000000 00:00 0 
3494e00000-3494e20000 r-xp 00000000 08:01 1810519                        /lib64/ld-2.12.so
349501f000-3495020000 r--p 0001f000 08:01 1810519                        /lib64/ld-2.12.so
3495020000-3495021000 rw-p 00020000 08:01 1810519                        /lib64/ld-2.12.so
3495021000-3495022000 rw-p 00000000 00:00 0 
3495200000-3495389000 r-xp 00000000 08:01 1810544                        /lib64/libc-2.12.so
3495389000-3495589000 ---p 00189000 08:01 1810544                        /lib64/libc-2.12.so
3495589000-349558d000 r--p 00189000 08:01 1810544                        /lib64/libc-2.12.so
349558d000-349558e000 rw-p 0018d000 08:01 1810544                        /lib64/libc-2.12.so
349558e000-3495593000 rw-p 00000000 00:00 0 
3495600000-3495683000 r-xp 00000000 08:01 1810552                        /lib64/libm-2.12.so
3495683000-3495882000 ---p 00083000 08:01 1810552                        /lib64/libm-2.12.so
3495882000-3495883000 r--p 00082000 08:01 1810552                        /lib64/libm-2.12.so
3495883000-3495884000 rw-p 00083000 08:01 1810552                        /lib64/libm-2.12.so
3495a00000-3495a02000 r-xp 00000000 08:01 1813980                        /lib64/libdl-2.12.so
3495a02000-3495c02000 ---p 00002000 08:01 1813980                        /lib64/libdl-2.12.so
3495c02000-3495c03000 r--p 00002000 08:01 1813980                        /lib64/libdl-2.12.so
3495c03000-3495c04000 rw-p 00003000 08:01 1813980                        /lib64/libdl-2.12.so
3495e00000-3495e17000 r-xp 00000000 08:01 1813659                        /lib64/libpthread-2.12.so
3495e17000-3496017000 ---p 00017000 08:01 1813659                        /lib64/libpthread-2.12.so
3496017000-3496018000 r--p 00017000 08:01 1813659                        /lib64/libpthread-2.12.so
3496018000-3496019000 rw-p 00018000 08:01 1813659                        /lib64/libpthread-2.12.so
3496019000-349601d000 rw-p 00000000 00:00 0 
3496200000-3496215000 r-xp 00000000 08:01 1810627                        /lib64/libz.so.1.2.3
3496215000-3496414000 ---p 00015000 08:01 1810627                        /lib64/libz.so.1.2.3
3496414000-3496415000 r--p 00014000 08:01 1810627                        /lib64/libz.so.1.2.3
3496415000-3496416000 rw-p 00015000 08:01 1810627                        /lib64/libz.so.1.2.3
3496600000-3496607000 r-xp 00000000 08:01 1814241                        /lib64/librt-2.12.so
3496607000-3496806000 ---p 00007000 08:01 1814241                        /lib64/librt-2.12.so
3496806000-3496807000 r--p 00006000 08:01 1814241                        /lib64/librt-2.12.so
3496807000-3496808000 rw-p 00007000 08:01 1814241                        /lib64/librt-2.12.so
3497600000-3497602000 r-xp 00000000 08:01 1878455                        /usr/lib64/libXau.so.6.0.0
3497602000-3497802000 ---p 00002000 08:01 1878455                        /usr/lib64/libXau.so.6.0.0
3497802000-3497803000 rw-p 00002000 08:01 1878455                        /usr/lib64/libXau.so.6.0.0
3497a00000-3497b39000 r-xp 00000000 08:01 1879666                        /usr/lib64/libX11.so.6.3.0
3497b39000-3497d39000 ---p 00139000 08:01 1879666                        /usr/lib64/libX11.so.6.3.0
3497d39000-3497d3f000 rw-p 00139000 08:01 1879666                        /usr/lib64/libX11.so.6.3.0
3497e00000-3497e1b000 r-xp 00000000 08:01 1879496                        /usr/lib64/libxcb.so.1.1.0
3497e1b000-349801a000 ---p 0001b000 08:01 1879496                        /usr/lib64/libxcb.so.1.1.0
349801a000-349801b000 rw-p 0001a000 08:01 1879496                        /usr/lib64/libxcb.so.1.1.0
3498600000-3498611000 r-xp 00000000 08:01 1879700                        /usr/lib64/libXext.so.6.4.0
3498611000-3498811000 ---p 00011000 08:01 1879700                        /usr/lib64/libXext.so.6.4.0
3498811000-3498812000 rw-p 00011000 08:01 1879700                        /usr/lib64/libXext.so.6.4.0
3498e00000-3498e98000 r-xp 00000000 08:01 1879229                        /usr/lib64/libfreetype.so.6.3.22
3498e98000-3499097000 ---p 00098000 08:01 1879229                        /usr/lib64/libfreetype.so.6.3.22
3499097000-349909d000 rw-p 00097000 08:01 1879229                        /usr/lib64/libfreetype.so.6.3.22
349a200000-349a209000 r-xp 00000000 08:01 1880318                        /usr/lib64/libXrender.so.1.3.0
349a209000-349a409000 ---p 00009000 08:01 1880318                        /usr/lib64/libXrender.so.1.3.0
349a409000-349a40a000 rw-p 00009000 08:01 1880318                        /usr/lib64/libXrender.so.1.3.0
349aa00000-349aa05000 r-xp 00000000 08:01 1880447                        /usr/lib64/libXfixes.so.3.1.0
349aa05000-349ac04000 ---p 00005000 08:01 1880447                        /usr/lib64/libXfixes.so.3.1.0
349ac04000-349ac05000 rw-p 00004000 08:01 1880447                        /usr/lib64/libXfixes.so.3.1.0
349ae00000-349ae0f000 r-xp 00000000 08:01 1880313                        /usr/lib64/libXi.so.6.1.0
349ae0f000-349b00e000 ---p 0000f000 08:01 1880313                        /usr/lib64/libXi.so.6.1.0
349b00e000-349b00f000 rw-p 0000e000 08:01 1880313                        /usr/lib64/libXi.so.6.1.0
349b600000-349b609000 r-xp 00000000 08:01 1880488                        /usr/lib64/libXcursor.so.1.0.2
349b609000-349b809000 ---p 00009000 08:01 1880488                        /usr/lib64/libXcursor.so.1.0.2
349b809000-349b80a000 rw-p 00009000 08:01 1880488                        /usr/lib64/libXcursor.so.1.0.2
34a3e00000-34a3e05000 r-xp 00000000 08:01 1880702                        /usr/lib64/libXtst.so.6.1.0
34a3e05000-34a4005000 ---p 00005000 08:01 1880702                        /usr/lib64/libXtst.so.6.1.0
34a4005000-34a4006000 rw-p 00005000 08:01 1880702                        /usr/lib64/libXtst.so.6.1.0
34a6000000-34a6023000 r-xp 00000000 08:01 1879062                        /usr/lib64/libjpeg.so.62.0.0
34a6023000-34a6223000 ---p 00023000 08:01 1879062                        /usr/lib64/libjpeg.so.62.0.0
34a6223000-34a6224000 rw-p 00023000 08:01 1879062                        /usr/lib64/libjpeg.so.62.0.0
34a6400000-34a6416000 r-xp 00000000 08:01 1814340                        /lib64/libnsl-2.12.so
34a6416000-34a6615000 ---p 00016000 08:01 1814340                        /lib64/libnsl-2.12.so
34a6615000-34a6616000 r--p 00015000 08:01 1814340                        /lib64/libnsl-2.12.so
34a6616000-34a6617000 rw-p 00016000 08:01 1814340                        /lib64/libnsl-2.12.so
34a6617000-34a6619000 rw-p 00000000 00:00 0 
392fe00000-392fe16000 r-xp 00000000 08:01 1810486                        /lib64/libgcc_s-4.4.6-20120305.so.1
392fe16000-3930015000 ---p 00016000 08:01 1810486                        /lib64/libgcc_s-4.4.6-20120305.so.1
3930015000-3930016000 rw-p 00015000 08:01 1810486                        /lib64/libgcc_s-4.4.6-20120305.so.1
3930600000-39306e8000 r-xp 00000000 08:01 1664136                        /usr/lib64/libstdc++.so.6.0.13
39306e8000-39308e8000 ---p 000e8000 08:01 1664136                        /usr/lib64/libstdc++.so.6.0.13
39308e8000-39308ef000 r--p 000e8000 08:01 1664136                        /usr/lib64/libstdc++.so.6.0.13
39308ef000-39308f1000 rw-p 000ef000 08:01 1664136                        /usr/lib64/libstdc++.so.6.0.13
39308f1000-3930906000 rw-p 00000000 00:00 0 
3fc6400000-3fc6404000 r-xp 00000000 08:01 2237433                        /usr/lib/jvm/java-1.6.0-openjdk-1.6.0.0.x86_64/jre/lib/amd64/jli/libjli.so
3fc6404000-3fc6603000 ---p 00004000 08:01 2237433                        /usr/lib/jvm/java-1.6.0-openjdk-1.6.0.0.x86_64/jre/lib/amd64/jli/libjli.so
3fc6603000-3fc6604000 rw-p 00003000 08:01 2237433                        /usr/lib/jvm/java-1.6.0-openjdk-1.6.0.0.x86_64/jre/lib/amd64/jli/libjli.so
7f1c08000000-7f1c08021000 rw-p 00000000 00:00 0 
7f1c08021000-7f1c0c000000 ---p 00000000 00:00 0 
7f1c0c000000-7f1c0c021000 rw-p 00000000 00:00 0 
7f1c0c021000-7f1c10000000 ---p 00000000 00:00 0 
7f1c10000000-7f1c10104000 rw-p 00000000 00:00 0 
7f1c10104000-7f1c14000000 ---p 00000000 00:00 0 
7f1c14000000-7f1c14021000 rw-p 00000000 00:00 0 
7f1c14021000-7f1c18000000 ---p 00000000 00:00 0 
7f1c18000000-7f1c18021000 rw-p 00000000 00:00 0 
7f1c18021000-7f1c1c000000 ---p 00000000 00:00 0 
7f1c1c000000-7f1c1c021000 rw-p 00000000 00:00 0 
7f1c1c021000-7f1c20000000 ---p 00000000 00:00 0 
7f1c20000000-7f1c21017000 rw-p 00000000 00:00 0 
7f1c21017000-7f1c24000000 ---p 00000000 00:00 0 
7f1c24000000-7f1c253a0000 rw-p 00000000 00:00 0 
7f1c253a0000-7f1c28000000 ---p 00000000 00:00 0 
7f1c28000000-7f1c28021000 rw-p 00000000 00:00 0 
7f1c28021000-7f1c2c000000 ---p 00000000 00:00 0 
7f1c2c67f000-7f1c2c6f1000 rw-s 00000000 00:04 2457615                    /SYSV00000000 (deleted)
7f1c2c6f1000-7f1c2c809000 rw-s 00000000 00:04 2424846                    /SYSV00000000 (deleted)
7f1c2c809000-7f1c2c80c000 ---p 00000000 00:00 0 
7f1c2c80c000-7f1c2c90a000 rw-p 00000000 00:00 0 
7f1c2c90a000-7f1c2c90d000 ---p 00000000 00:00 0 
7f1c2c90d000-7f1c2ca0b000 rw-p 00000000 00:00 0 
7f1c2ca0b000-7f1c2ca0e000 ---p 00000000 00:00 0 
7f1c2ca0e000-7f1c2cb0c000 rw-p 00000000 00:00 0 
7f1c2cb0c000-7f1c2cb16000 r-xp 00000000 08:01 2237365                    /usr/lib/jvm/java-1.6.0-openjdk-1.6.0.0.x86_64/jre/lib/amd64/libjpeg.so
7f1c2cb16000-7f1c2cd15000 ---p 0000a000 08:01 2237365                    /usr/lib/jvm/java-1.6.0-openjdk-1.6.0.0.x86_64/jre/lib/amd64/libjpeg.so
7f1c2cd15000-7f1c2cd16000 rw-p 00009000 08:01 2237365                    /usr/lib/jvm/java-1.6.0-openjdk-1.6.0.0.x86_64/jre/lib/amd64/libjpeg.so
7f1c2cd16000-7f1c2cd47000 r-xp 00000000 08:01 2237369                    /usr/lib/jvm/java-1.6.0-openjdk-1.6.0.0.x86_64/jre/lib/amd64/liblcms.so
7f1c2cd47000-7f1c2cf47000 ---p 00031000 08:01 2237369                    /usr/lib/jvm/java-1.6.0-openjdk-1.6.0.0.x86_64/jre/lib/amd64/liblcms.so
7f1c2cf47000-7f1c2cf48000 rw-p 00031000 08:01 2237369                    /usr/lib/jvm/java-1.6.0-openjdk-1.6.0.0.x86_64/jre/lib/amd64/liblcms.so
7f1c2cf48000-7f1c2cf4b000 rw-p 00000000 00:00 0 
7f1c2cf4b000-7f1c2cf52000 r--s 000fb000 08:01 2237428                    /usr/lib/jvm/java-1.6.0-openjdk-1.6.0.0.x86_64/jre/lib/resources.jar
7f1c2cf52000-7f1c2cf53000 r--s 00000000 08:01 107585                     /var/cache/fontconfig/a2cb55133c4e4d547d9f2f13802ad545-le64.cache-3
7f1c2cf53000-7f1c2cf54000 r--s 00000000 08:01 107584                     /var/cache/fontconfig/d7c3980621ce8b556f132f9897986857-le64.cache-3
7f1c2cf54000-7f1c2cf55000 r--s 00000000 08:01 107583                     /var/cache/fontconfig/b417f44d866161e310b9b599dabfbbe5-le64.cache-3
7f1c2cf55000-7f1c2cf56000 r--s 00000000 08:01 107582                     /var/cache/fontconfig/1cbcaebf2d8a4584a554b1b7fc6e886b-le64.cache-3
7f1c2cf56000-7f1c2cf57000 r--s 00000000 08:01 107290                     /var/cache/fontconfig/9c991551d4d37280ee51c97e8f8abbc9-le64.cache-3
7f1c2cf57000-7f1c2cf5b000 r--s 00000000 08:01 107393                     /var/cache/fontconfig/87f5e051180a7a75f16eb6fe7dbd3749-le64.cache-3
7f1c2cf5b000-7f1c2cf64000 r--s 00000000 08:01 107425                     /var/cache/fontconfig/b79f3aaa7d385a141ab53ec885cc22a8-le64.cache-3
7f1c2cf64000-7f1c2cf67000 r--s 00000000 08:01 107526                     /var/cache/fontconfig/0b1bcc92b4d25cc154d77dafe3bceaa0-le64.cache-3
7f1c2cf67000-7f1c2cf6b000 r--s 00000000 08:01 107723                     /var/cache/fontconfig/68fe5182b80ae2709eaaf65e42dcaf33-le64.cache-3
7f1c2cf6b000-7f1c2cf6c000 r--s 00000000 08:01 107720                     /var/cache/fontconfig/ac1b9faef01ec4feb36ba76b98842887-le64.cache-3
7f1c2cf6c000-7f1c2cf6f000 r--s 00000000 08:01 107680                     /var/cache/fontconfig/ebb99784de50d4c4223a6523ac9c5d63-le64.cache-3
7f1c2cf6f000-7f1c2cf70000 r--s 00000000 08:01 107677                     /var/cache/fontconfig/ad3af325ad4e0a82eb2b3e930ff23cd5-le64.cache-3
7f1c2cf70000-7f1c2cf72000 r--s 00000000 08:01 107667                     /var/cache/fontconfig/0c76f5ee3a101157014da521290d0599-le64.cache-3
7f1c2cf72000-7f1c2cf75000 r--s 00000000 08:01 107525                     /var/cache/fontconfig/2e1514a9fdd499050989183bb65136db-le64.cache-3
7f1c2cf75000-7f1c2cf76000 r--s 00000000 08:01 107286                     /var/cache/fontconfig/44ad4949f51819251fed26de7f5ef1ed-le64.cache-3
7f1c2cf76000-7f1c2cf7e000 r--s 00000000 08:01 107288                     /var/cache/fontconfig/5c755b2f27115486aa6359c84dd3cbda-le64.cache-3
7f1c2cf7e000-7f1c2cf7f000 r--s 00000000 08:01 107529                     /var/cache/fontconfig/b966c23d19cce9e9a98d55765cf2a0c7-le64.cache-3
7f1c2cf7f000-7f1c2cf8e000 r--s 00000000 08:01 107520                     /var/cache/fontconfig/3f821257dd33660ba7bbb45c32deb84c-le64.cache-3
7f1c2cf8e000-7f1c2cf97000 r--s 00000000 08:01 107537                     /var/cache/fontconfig/830f035fa84a65ce80e050178dbb630d-le64.cache-3
7f1c2cf97000-7f1c2cf9a000 r--s 00000000 08:01 107538                     /var/cache/fontconfig/81a173283b451552b599cfaafd6236bd-le64.cache-3
7f1c2cf9a000-7f1c2cf9b000 r--s 00000000 08:01 107586                     /var/cache/fontconfig/ac68f755438cc3dc5a526084839fc7ca-le64.cache-3
7f1c2cf9b000-7f1c2cf9c000 r--s 00000000 08:01 107431                     /var/cache/fontconfig/e8fe69fff143ec54c56d12417c2b92c6-le64.cache-3
7f1c2cf9c000-7f1c2cf9d000 r--s 00000000 08:01 107542                     /var/cache/fontconfig/a8c9a5f1ab5a46f0074d105dddc874cf-le64.cache-3
7f1c2cf9d000-7f1c2cf9e000 r--s 00000000 08:01 107438                     /var/cache/fontconfig/6cfc7d49b27ba7d3eb71ab86e04def2c-le64.cache-3
7f1c2cf9e000-7f1c2cf9f000 r--s 00000000 08:01 107281                     /var/cache/fontconfig/6fcb01a03a016cc71057b587cdea6709-le64.cache-3
7f1c2cf9f000-7f1c2cfa0000 r--s 00000000 08:01 107539                     /var/cache/fontconfig/2678730374f88f8c6b5c0192ab5a46db-le64.cache-3
7f1c2cfa0000-7f1c2cfa1000 r--s 00000000 08:01 107435                     /var/cache/fontconfig/46d51d90fe9d963f6f4186edb936a931-le64.cache-3
7f1c2cfa1000-7f1c2cfa4000 r--s 00000000 08:01 107822                     /var/cache/fontconfig/cfde08ab28ad1d91784abb10973575e3-le64.cache-3
7f1c2cfa4000-7f1c2cfa5000 r--s 00000000 08:01 107726                     /var/cache/fontconfig/b887eea8f1b96e1d899b44ed6681fc27-le64.cache-3
7f1c2cfa5000-7f1c2cfa6000 r--s 00000000 08:01 107709                     /var/cache/fontconfig/860639f272b8b4b3094f9e399e41bccd-le64.cache-3
7f1c2cfa6000-7f1c2cfa7000 r--s 00000000 08:01 107673                     /var/cache/fontconfig/211368abcb0ff835c229ff05c9ec01dc-le64.cache-3
7f1c2cfa7000-7f1c2cfa8000 r--s 00000000 08:01 107666                     /var/cache/fontconfig/c46020d7221988a13df853d2b46304fc-le64.cache-3
7f1c2cfa8000-7f1c2cfa9000 r--s 00000000 08:01 107639                     /var/cache/fontconfig/fa2b533b7056bdadb961f088bc0a978b-le64.cache-3
7f1c2cfa9000-7f1c2cfaa000 r--s 00000000 08:01 107273                     /var/cache/fontconfig/df893b4576ad6107f9397134092c4059-le64.cache-3
7f1c2cfaa000-7f1c2cfab000 r--s 00000000 08:01 107636                     /var/cache/fontconfig/900402270e15d763a6e008bb2d4c7686-le64.cache-3
7f1c2cfab000-7f1c2cfac000 r--s 00000000 08:01 107442                     /var/cache/fontconfig/47f48679023f44a4d1e44699a69464f6-le64.cache-3
7f1c2cfac000-7f1c2cfad000 r--s 00000000 08:01 107629                     /var/cache/fontconfig/2881ed3fd21ca306ddad6f9b0dd3189f-le64.cache-3
7f1c2cfad000-7f1c2cfae000 r--s 00000000 08:01 107628                     /var/cache/fontconfig/3c3fb04d32a5211b073874b125d29701-le64.cache-3
7f1c2cfae000-7f1c2cfaf000 r--s 00000000 08:01 107285                     /var/cache/fontconfig/e61abf8156cc476151baa07d67337cae-le64.cache-3
7f1c2cfaf000-7f1c2cfb3000 r--s 00000000 08:01 107328                     /var/cache/fontconfig/b67b32625a2bb51b023d3814a918f351-le64.cache-3
7f1c2cfb3000-7f1c2cfb4000 r--s 00000000 08:01 107552                     /var/cache/fontconfig/991510d2da7f7b2bf8468002aae90060-le64.cache-3
7f1c2cfb4000-7f1c2cfb8000 r--s 00000000 08:01 107528                     /var/cache/fontconfig/d3379abda271c4acd2ad0c01f565d0b0-le64.cache-3
7f1c2cfb8000-7f1c2cfbd000 r--s 00000000 08:01 107432                     /var/cache/fontconfig/46b47dbc682d2ca4191e148ea7bde7f2-le64.cache-3
7f1c2cfbd000-7f1c2cfbe000 r--s 00000000 08:01 107282                     /var/cache/fontconfig/b4d0b56f766d89640448751fcd18ec1e-le64.cache-3
7f1c2cfbe000-7f1c2cfc1000 r--s 00000000 08:01 107532                     /var/cache/fontconfig/0b65734d4b05444408d43c6f04076891-le64.cache-3
7f1c2cfc1000-7f1c2cfc4000 r--s 00000000 08:01 107533                     /var/cache/fontconfig/b3156a3b746fa248f533fda5763a8a74-le64.cache-3
7f1c2cfc4000-7f1c2cfc7000 r--s 00000000 08:01 107534                     /var/cache/fontconfig/cf2648471cd3c1408333626fc428bcc9-le64.cache-3
7f1c2cfc7000-7f1c2cfca000 r--s 00000000 08:01 107287                     /var/cache/fontconfig/85f1cedf31c437d74e7f145ee32183f4-le64.cache-3
7f1c2cfca000-7f1c2cfda000 r--s 00000000 08:01 107430                     /var/cache/fontconfig/614d1caaa4d7914789410f6367de37ca-le64.cache-3
7f1c2cfda000-7f1c2cfe3000 r--s 00000000 08:01 107424                     /var/cache/fontconfig/12b26b760a24f8b4feb03ad48a333a72-le64.cache-3
7f1c2cfe3000-7f1c2cfec000 r--s 00000000 08:01 107391                     /var/cache/fontconfig/33315028185e8b9ecf55d3c7f93d9205-le64.cache-3
7f1c2cfec000-7f1c2cff0000 r--s 00000000 08:01 107292                     /var/cache/fontconfig/3df8979866e8848a59fe99e84294e911-le64.cache-3
7f1c2cff0000-7f1c2d002000 r--s 00000000 08:01 107283                     /var/cache/fontconfig/74717c444f6fd72454fa9c9c0ee01ca7-le64.cache-3
7f1c2d002000-7f1c2d009000 r--s 00000000 08:01 107454                     /var/cache/fontconfig/928306c3ad40271d946e41014a49fc28-le64.cache-3
7f1c2d009000-7f1c2d010000 r--s 00000000 08:01 107437                     /var/cache/fontconfig/fa1582dab13e7e8e44e5a9424d309f0e-le64.cache-3
7f1c2d010000-7f1c2d012000 r--s 00000000 08:01 107555                     /var/cache/fontconfig/cf88f444488d569f9535e4f0ee8ed9a1-le64.cache-3
7f1c2d012000-7f1c2d015000 r--s 00000000 08:01 107420                     /var/cache/fontconfig/e3ead4b767b8819993a6fa3ae306afa9-le64.cache-3
7f1c2d015000-7f1c2d021000 r--s 00000000 08:01 107579                     /var/cache/fontconfig/18db0204b1f108dd01663673626fcd3d-le64.cache-3
7f1c2d021000-7f1c2d022000 r--s 00000000 08:01 107581                     /var/cache/fontconfig/1248881498ac025e45c3042f6afe9284-le64.cache-3
7f1c2d022000-7f1c2d025000 r--s 00000000 08:01 107590                     /var/cache/fontconfig/beeeeb3dfe132a8a0633a017c99ce0c0-le64.cache-3
7f1c2d025000-7f1c2d026000 r--s 00000000 08:01 107585                     /var/cache/fontconfig/a2cb55133c4e4d547d9f2f13802ad545-le64.cache-3
7f1c2d026000-7f1c2d027000 r--s 00000000 08:01 107584                     /var/cache/fontconfig/d7c3980621ce8b556f132f9897986857-le64.cache-3
7f1c2d027000-7f1c2d028000 r--s 00000000 08:01 107583                     /var/cache/fontconfig/b417f44d866161e310b9b599dabfbbe5-le64.cache-3
7f1c2d028000-7f1c2d029000 r--s 00000000 08:01 107582                     /var/cache/fontconfig/1cbcaebf2d8a4584a554b1b7fc6e886b-le64.cache-3
7f1c2d029000-7f1c2d02a000 r--s 00000000 08:01 107290                     /var/cache/fontconfig/9c991551d4d37280ee51c97e8f8abbc9-le64.cache-3
7f1c2d02a000-7f1c2d02e000 r--s 00000000 08:01 107393                     /var/cache/fontconfig/87f5e051180a7a75f16eb6fe7dbd3749-le64.cache-3
7f1c2d02e000-7f1c2d037000 r--s 00000000 08:01 107425                     /var/cache/fontconfig/b79f3aaa7d385a141ab53ec885cc22a8-le64.cache-3
7f1c2d037000-7f1c2d03a000 r--s 00000000 08:01 107526                     /var/cache/fontconfig/0b1bcc92b4d25cc154d77dafe3bceaa0-le64.cache-3
7f1c2d03a000-7f1c2d03e000 r--s 00000000 08:01 107723                     /var/cache/fontconfig/68fe5182b80ae2709eaaf65e42dcaf33-le64.cache-3
7f1c2d03e000-7f1c2d03f000 r--s 00000000 08:01 107720                     /var/cache/fontconfig/ac1b9faef01ec4feb36ba76b98842887-le64.cache-3
7f1c2d03f000-7f1c2d042000 r--s 00000000 08:01 107680                     /var/cache/fontconfig/ebb99784de50d4c4223a6523ac9c5d63-le64.cache-3
7f1c2d042000-7f1c2d043000 r--s 00000000 08:01 107677                     /var/cache/fontconfig/ad3af325ad4e0a82eb2b3e930ff23cd5-le64.cache-3
7f1c2d043000-7f1c2d045000 r--s 00000000 08:01 107667                     /var/cache/fontconfig/0c76f5ee3a101157014da521290d0599-le64.cache-3
7f1c2d045000-7f1c2d048000 r--s 00000000 08:01 107525                     /var/cache/fontconfig/2e1514a9fdd499050989183bb65136db-le64.cache-3
7f1c2d048000-7f1c2d049000 r--s 00000000 08:01 107286                     /var/cache/fontconfig/44ad4949f51819251fed26de7f5ef1ed-le64.cache-3
7f1c2d049000-7f1c2d051000 r--s 00000000 08:01 107288                     /var/cache/fontconfig/5c755b2f27115486aa6359c84dd3cbda-le64.cache-3
7f1c2d051000-7f1c2d052000 r--s 00000000 08:01 107529                     /var/cache/fontconfig/b966c23d19cce9e9a98d55765cf2a0c7-le64.cache-3
7f1c2d052000-7f1c2d061000 r--s 00000000 08:01 107520                     /var/cache/fontconfig/3f821257dd33660ba7bbb45c32deb84c-le64.cache-3
7f1c2d061000-7f1c2d06a000 r--s 00000000 08:01 107537                     /var/cache/fontconfig/830f035fa84a65ce80e050178dbb630d-le64.cache-3
7f1c2d06a000-7f1c2d06d000 r--s 00000000 08:01 107538                     /var/cache/fontconfig/81a173283b451552b599cfaafd6236bd-le64.cache-3
7f1c2d06d000-7f1c2d06e000 r--s 00000000 08:01 107586                     /var/cache/fontconfig/ac68f755438cc3dc5a526084839fc7ca-le64.cache-3
7f1c2d06e000-7f1c2d06f000 r--s 00000000 08:01 107431                     /var/cache/fontconfig/e8fe69fff143ec54c56d12417c2b92c6-le64.cache-3
7f1c2d06f000-7f1c2d070000 r--s 00000000 08:01 107542                     /var/cache/fontconfig/a8c9a5f1ab5a46f0074d105dddc874cf-le64.cache-3
7f1c2d070000-7f1c2d071000 r--s 00000000 08:01 107438                     /var/cache/fontconfig/6cfc7d49b27ba7d3eb71ab86e04def2c-le64.cache-3
7f1c2d071000-7f1c2d072000 r--s 00000000 08:01 107281                     /var/cache/fontconfig/6fcb01a03a016cc71057b587cdea6709-le64.cache-3
7f1c2d072000-7f1c2d073000 r--s 00000000 08:01 107539                     /var/cache/fontconfig/2678730374f88f8c6b5c0192ab5a46db-le64.cache-3
7f1c2d073000-7f1c2d074000 r--s 00000000 08:01 107435                     /var/cache/fontconfig/46d51d90fe9d963f6f4186edb936a931-le64.cache-3
7f1c2d074000-7f1c2d077000 r--s 00000000 08:01 107822                     /var/cache/fontconfig/cfde08ab28ad1d91784abb10973575e3-le64.cache-3
7f1c2d077000-7f1c2d078000 r--s 00000000 08:01 107726                     /var/cache/fontconfig/b887eea8f1b96e1d899b44ed6681fc27-le64.cache-3
7f1c2d078000-7f1c2d079000 r--s 00000000 08:01 107709                     /var/cache/fontconfig/860639f272b8b4b3094f9e399e41bccd-le64.cache-3
7f1c2d079000-7f1c2d07a000 r--s 00000000 08:01 107673                     /var/cache/fontconfig/211368abcb0ff835c229ff05c9ec01dc-le64.cache-3
7f1c2d07a000-7f1c2d07b000 r--s 00000000 08:01 107666                     /var/cache/fontconfig/c46020d7221988a13df853d2b46304fc-le64.cache-3
7f1c2d07b000-7f1c2d07c000 r--s 00000000 08:01 107639                     /var/cache/fontconfig/fa2b533b7056bdadb961f088bc0a978b-le64.cache-3
7f1c2d07c000-7f1c2d07d000 r--s 00000000 08:01 107273                     /var/cache/fontconfig/df893b4576ad6107f9397134092c4059-le64.cache-3
7f1c2d07d000-7f1c2d07e000 r--s 00000000 08:01 107636                     /var/cache/fontconfig/900402270e15d763a6e008bb2d4c7686-le64.cache-3
7f1c2d07e000-7f1c2d07f000 r--s 00000000 08:01 107442                     /var/cache/fontconfig/47f48679023f44a4d1e44699a69464f6-le64.cache-3
7f1c2d07f000-7f1c2d080000 r--s 00000000 08:01 107629                     /var/cache/fontconfig/2881ed3fd21ca306ddad6f9b0dd3189f-le64.cache-3
7f1c2d080000-7f1c2d081000 r--s 00000000 08:01 107628                     /var/cache/fontconfig/3c3fb04d32a5211b073874b125d29701-le64.cache-3
7f1c2d081000-7f1c2d082000 r--s 00000000 08:01 107285                     /var/cache/fontconfig/e61abf8156cc476151baa07d67337cae-le64.cache-3
7f1c2d082000-7f1c2d086000 r--s 00000000 08:01 107328                     /var/cache/fontconfig/b67b32625a2bb51b023d3814a918f351-le64.cache-3
7f1c2d086000-7f1c2d087000 r--s 00000000 08:01 107552                     /var/cache/fontconfig/991510d2da7f7b2bf8468002aae90060-le64.cache-3
7f1c2d087000-7f1c2d08b000 r--s 00000000 08:01 107528                     /var/cache/fontconfig/d3379abda271c4acd2ad0c01f565d0b0-le64.cache-3
7f1c2d08b000-7f1c2d090000 r--s 00000000 08:01 107432                     /var/cache/fontconfig/46b47dbc682d2ca4191e148ea7bde7f2-le64.cache-3
7f1c2d090000-7f1c2d091000 r--s 00000000 08:01 107282                     /var/cache/fontconfig/b4d0b56f766d89640448751fcd18ec1e-le64.cache-3
7f1c2d091000-7f1c2d094000 r--s 00000000 08:01 107532                     /var/cache/fontconfig/0b65734d4b05444408d43c6f04076891-le64.cache-3
7f1c2d094000-7f1c2d097000 r--s 00000000 08:01 107533                     /var/cache/fontconfig/b3156a3b746fa248f533fda5763a8a74-le64.cache-3
7f1c2d097000-7f1c2d09a000 r--s 00000000 08:01 107534                     /var/cache/fontconfig/cf2648471cd3c1408333626fc428bcc9-le64.cache-3
7f1c2d09a000-7f1c2d09d000 r--s 00000000 08:01 107287                     /var/cache/fontconfig/85f1cedf31c437d74e7f145ee32183f4-le64.cache-3
7f1c2d09d000-7f1c2d0ad000 r--s 00000000 08:01 107430                     /var/cache/fontconfig/614d1caaa4d7914789410f6367de37ca-le64.cache-3
7f1c2d0ad000-7f1c2d0b6000 r--s 00000000 08:01 107424                     /var/cache/fontconfig/12b26b760a24f8b4feb03ad48a333a72-le64.cache-3
7f1c2d0b6000-7f1c2d0bf000 r--s 00000000 08:01 107391                     /var/cache/fontconfig/33315028185e8b9ecf55d3c7f93d9205-le64.cache-3
7f1c2d0bf000-7f1c2d0c3000 r--s 00000000 08:01 107292                     /var/cache/fontconfig/3df8979866e8848a59fe99e84294e911-le64.cache-3
7f1c2d0c3000-7f1c2d0d5000 r--s 00000000 08:01 107283                     /var/cache/fontconfig/74717c444f6fd72454fa9c9c0ee01ca7-le64.cache-3
7f1c2d0d5000-7f1c2d0dc000 r--s 00000000 08:01 107454                     /var/cache/fontconfig/928306c3ad40271d946e41014a49fc28-le64.cache-3
7f1c2d0dc000-7f1c2d0e3000 r--s 00000000 08:01 107437                     /var/cache/fontconfig/fa1582dab13e7e8e44e5a9424d309f0e-le64.cache-3
7f1c2d0e3000-7f1c2d0ef000 r--s 00000000 08:01 107579                     /var/cache/fontconfig/18db0204b1f108dd01663673626fcd3d-le64.cache-3
7f1c2d0ef000-7f1c2d0f2000 ---p 00000000 00:00 0 
7f1c2d0f2000-7f1c2d1f0000 rw-p 00000000 00:00 0 
7f1c2d1f0000-7f1c2d229000 r-xp 00000000 08:01 2236482                    /usr/lib/jvm/java-1.6.0-openjdk-1.6.0.0.x86_64/jre/lib/amd64/libfontmanager.so
7f1c2d229000-7f1c2d428000 ---p 00039000 08:01 2236482                    /usr/lib/jvm/java-1.6.0-openjdk-1.6.0.0.x86_64/jre/lib/amd64/libfontmanager.so
7f1c2d428000-7f1c2d42a000 rw-p 00038000 08:01 2236482                    /usr/lib/jvm/java-1.6.0-openjdk-1.6.0.0.x86_64/jre/lib/amd64/libfontmanager.so
7f1c2d42a000-7f1c2d42b000 rw-p 00000000 00:00 0 
7f1c2d42b000-7f1c2d42e000 ---p 00000000 00:00 0 
7f1c2d42e000-7f1c2d52c000 rw-p 00000000 00:00 0 
7f1c2d52c000-7f1c2d578000 r-xp 00000000 08:01 2247016                    /usr/lib/jvm/java-1.6.0-openjdk-1.6.0.0.x86_64/jre/lib/amd64/xawt/libmawt.so
7f1c2d578000-7f1c2d777000 ---p 0004c000 08:01 2247016                    /usr/lib/jvm/java-1.6.0-openjdk-1.6.0.0.x86_64/jre/lib/amd64/xawt/libmawt.so
7f1c2d777000-7f1c2d77a000 rw-p 0004b000 08:01 2247016                    /usr/lib/jvm/java-1.6.0-openjdk-1.6.0.0.x86_64/jre/lib/amd64/xawt/libmawt.so
7f1c2d77a000-7f1c2d77c000 rw-p 00000000 00:00 0 
7f1c2d77c000-7f1c2d825000 r-xp 00000000 08:01 2237444                    /usr/lib/jvm/java-1.6.0-openjdk-1.6.0.0.x86_64/jre/lib/amd64/libawt.so
7f1c2d825000-7f1c2da25000 ---p 000a9000 08:01 2237444                    /usr/lib/jvm/java-1.6.0-openjdk-1.6.0.0.x86_64/jre/lib/amd64/libawt.so
7f1c2da25000-7f1c2da31000 rw-p 000a9000 08:01 2237444                    /usr/lib/jvm/java-1.6.0-openjdk-1.6.0.0.x86_64/jre/lib/amd64/libawt.so
7f1c2da31000-7f1c2daec000 rw-p 00000000 00:00 0 
7f1c2daec000-7f1c2db82000 rw-s 001c2000 00:05 36024                      /dev/video0
7f1c2db82000-7f1c2dc18000 rw-s 0012c000 00:05 36024                      /dev/video0
7f1c2dc18000-7f1c2dcae000 rw-s 00096000 00:05 36024                      /dev/video0
7f1c2dcae000-7f1c2df17000 r-xp 00000000 00:14 1163275632                 /afs/inf.ed.ac.uk/user/s10/s1025224/workspace/SDP3 Vision/lib/libvideo.so.0
7f1c2df17000-7f1c2e116000 ---p 00269000 00:14 1163275632                 /afs/inf.ed.ac.uk/user/s10/s1025224/workspace/SDP3 Vision/lib/libvideo.so.0
7f1c2e116000-7f1c2e11e000 rw-p 00268000 00:14 1163275632                 /afs/inf.ed.ac.uk/user/s10/s1025224/workspace/SDP3 Vision/lib/libvideo.so.0
7f1c2e11e000-7f1c2e170000 rw-p 00000000 00:00 0 
7f1c2e170000-7f1c34000000 r--p 00000000 08:01 1870382                    /usr/lib/locale/locale-archive
7f1c34000000-7f1c34021000 rw-p 00000000 00:00 0 
7f1c34021000-7f1c38000000 ---p 00000000 00:00 0 
7f1c38000000-7f1c38021000 rw-p 00000000 00:00 0 
7f1c38021000-7f1c3c000000 ---p 00000000 00:00 0 
7f1c3c000000-7f1c3c021000 rw-p 00000000 00:00 0 
7f1c3c021000-7f1c40000000 ---p 00000000 00:00 0 
7f1c40000000-7f1c40021000 rw-p 00000000 00:00 0 
7f1c40021000-7f1c44000000 ---p 00000000 00:00 0 
7f1c44000000-7f1c44021000 rw-p 00000000 00:00 0 
7f1c44021000-7f1c48000000 ---p 00000000 00:00 0 
7f1c48005000-7f1c4809b000 rw-s 00000000 00:05 36024                      /dev/video0
7f1c4809b000-7f1c480a9000 r-xp 00000000 00:14 1163275630                 /afs/inf.ed.ac.uk/user/s10/s1025224/workspace/SDP3 Vision/lib/libv4l4j.so
7f1c480a9000-7f1c482a8000 ---p 0000e000 00:14 1163275630                 /afs/inf.ed.ac.uk/user/s10/s1025224/workspace/SDP3 Vision/lib/libv4l4j.so
7f1c482a8000-7f1c482a9000 rw-p 0000d000 00:14 1163275630                 /afs/inf.ed.ac.uk/user/s10/s1025224/workspace/SDP3 Vision/lib/libv4l4j.so
7f1c482a9000-7f1c482b1000 r-xp 00000000 08:01 2237373                    /usr/lib/jvm/java-1.6.0-openjdk-1.6.0.0.x86_64/jre/lib/amd64/libnio.so
7f1c482b1000-7f1c484b0000 ---p 00008000 08:01 2237373                    /usr/lib/jvm/java-1.6.0-openjdk-1.6.0.0.x86_64/jre/lib/amd64/libnio.so
7f1c484b0000-7f1c484b1000 rw-p 00007000 08:01 2237373                    /usr/lib/jvm/java-1.6.0-openjdk-1.6.0.0.x86_64/jre/lib/amd64/libnio.so
7f1c484b1000-7f1c484e2000 rw-p 00000000 00:00 0 
7f1c484e2000-7f1c484f7000 r-xp 00000000 08:01 2237372                    /usr/lib/jvm/java-1.6.0-openjdk-1.6.0.0.x86_64/jre/lib/amd64/libnet.so
7f1c484f7000-7f1c486f6000 ---p 00015000 08:01 2237372                    /usr/lib/jvm/java-1.6.0-openjdk-1.6.0.0.x86_64/jre/lib/amd64/libnet.so
7f1c486f6000-7f1c486f7000 rw-p 00014000 08:01 2237372                    /usr/lib/jvm/java-1.6.0-openjdk-1.6.0.0.x86_64/jre/lib/amd64/libnet.so
7f1c486f7000-7f1c486f8000 ---p 00000000 00:00 0 
7f1c486f8000-7f1c487f8000 rw-p 00000000 00:00 0 
7f1c487f8000-7f1c487fb000 ---p 00000000 00:00 0 
7f1c487fb000-7f1c488f9000 rw-p 00000000 00:00 0 
7f1c488f9000-7f1c488fc000 ---p 00000000 00:00 0 
7f1c488fc000-7f1c489fa000 rw-p 00000000 00:00 0 
7f1c489fa000-7f1c489fd000 ---p 00000000 00:00 0 
7f1c489fd000-7f1c48afb000 rw-p 00000000 00:00 0 
7f1c48afb000-7f1c48afe000 ---p 00000000 00:00 0 
7f1c48afe000-7f1c48bfc000 rw-p 00000000 00:00 0 
7f1c48bfc000-7f1c48bff000 ---p 00000000 00:00 0 
7f1c48bff000-7f1c48cfd000 rw-p 00000000 00:00 0 
7f1c48cfd000-7f1c48d00000 ---p 00000000 00:00 0 
7f1c48d00000-7f1c48dfe000 rw-p 00000000 00:00 0 
7f1c48dfe000-7f1c48dff000 ---p 00000000 00:00 0 
7f1c48dff000-7f1c49000000 rw-p 00000000 00:00 0 
7f1c49000000-7f1c49270000 rwxp 00000000 00:00 0 
7f1c49270000-7f1c4c295000 rw-p 00000000 00:00 0 
7f1c4c295000-7f1c50000000 ---p 00000000 00:00 0 
7f1c50000000-7f1c50037000 r--s 0029c000 00:14 1163266804                 /afs/inf.ed.ac.uk/user/s10/s1025224/workspace/SDP3 Vision/lib/Ice.jar
7f1c50037000-7f1c5026c000 rw-p 00000000 00:00 0 
7f1c5026c000-7f1c503fe000 r--s 037c2000 08:01 2237430                    /usr/lib/jvm/java-1.6.0-openjdk-1.6.0.0.x86_64/jre/lib/rt.jar
7f1c503fe000-7f1c503ff000 ---p 00000000 00:00 0 
7f1c503ff000-7f1c504ff000 rw-p 00000000 00:00 0 
7f1c504ff000-7f1c50500000 ---p 00000000 00:00 0 
7f1c50500000-7f1c5060f000 rw-p 00000000 00:00 0 
7f1c5060f000-7f1c50610000 ---p 00000000 00:00 0 
7f1c50610000-7f1c50653000 rw-p 00000000 00:00 0 
7f1c50653000-7f1c5065f000 rw-p 00000000 00:00 0 
7f1c5065f000-7f1c50668000 ---p 00000000 00:00 0 
7f1c50668000-7f1c50795000 rw-p 00000000 00:00 0 
7f1c50795000-7f1c507a4000 rw-p 00000000 00:00 0 
7f1c507a4000-7f1c507a5000 ---p 00000000 00:00 0 
7f1c507a5000-7f1c507e8000 rw-p 00000000 00:00 0 
7f1c507e8000-7f1c507f4000 rw-p 00000000 00:00 0 
7f1c507f4000-7f1c507fd000 ---p 00000000 00:00 0 
7f1c507fd000-7f1c50929000 rw-p 00000000 00:00 0 
7f1c50929000-7f1c50956000 rw-p 00000000 00:00 0 
7f1c50956000-7f1c509ca000 ---p 00000000 00:00 0 
7f1c509ca000-7f1c509d5000 rw-p 00000000 00:00 0 
7f1c509d5000-7f1c50a8b000 rw-p 00000000 00:00 0 
7f1c50a8b000-7f1c50a92000 r-xp 00000000 08:01 2237381                    /usr/lib/jvm/java-1.6.0-openjdk-1.6.0.0.x86_64/jre/lib/amd64/libzip.so
7f1c50a92000-7f1c50c91000 ---p 00007000 08:01 2237381                    /usr/lib/jvm/java-1.6.0-openjdk-1.6.0.0.x86_64/jre/lib/amd64/libzip.so
7f1c50c91000-7f1c50c92000 rw-p 00006000 08:01 2237381                    /usr/lib/jvm/java-1.6.0-openjdk-1.6.0.0.x86_64/jre/lib/amd64/libzip.so
7f1c50c92000-7f1c50c9d000 r-xp 00000000 08:01 1813655                    /lib64/libnss_ldap.so.2
7f1c50c9d000-7f1c50e9c000 ---p 0000b000 08:01 1813655                    /lib64/libnss_ldap.so.2
7f1c50e9c000-7f1c50e9d000 rw-p 0000a000 08:01 1813655                    /lib64/libnss_ldap.so.2
7f1c50e9d000-7f1c50ea9000 r-xp 00000000 08:01 1813974                    /lib64/libnss_files-2.12.so
7f1c50ea9000-7f1c510a9000 ---p 0000c000 08:01 1813974                    /lib64/libnss_files-2.12.so
7f1c510a9000-7f1c510aa000 r--p 0000c000 08:01 1813974                    /lib64/libnss_files-2.12.so
7f1c510aa000-7f1c510ab000 rw-p 0000d000 08:01 1813974                    /lib64/libnss_files-2.12.so
7f1c510ae000-7f1c510af000 r--p 00000000 00:00 0 
7f1c510af000-7f1c510d7000 rw-p 00000000 00:00 0 
7f1c510d7000-7f1c51102000 r-xp 00000000 08:01 2237361                    /usr/lib/jvm/java-1.6.0-openjdk-1.6.0.0.x86_64/jre/lib/amd64/libjava.so
7f1c51102000-7f1c51302000 ---p 0002b000 08:01 2237361                    /usr/lib/jvm/java-1.6.0-openjdk-1.6.0.0.x86_64/jre/lib/amd64/libjava.so
7f1c51302000-7f1c51306000 rw-p 0002b000 08:01 2237361                    /usr/lib/jvm/java-1.6.0-openjdk-1.6.0.0.x86_64/jre/lib/amd64/libjava.so
7f1c51306000-7f1c51314000 r-xp 00000000 08:01 2237380                    /usr/lib/jvm/java-1.6.0-openjdk-1.6.0.0.x86_64/jre/lib/amd64/libverify.so
7f1c51314000-7f1c51513000 ---p 0000e000 08:01 2237380                    /usr/lib/jvm/java-1.6.0-openjdk-1.6.0.0.x86_64/jre/lib/amd64/libverify.so
7f1c51513000-7f1c51515000 rw-p 0000d000 08:01 2237380                    /usr/lib/jvm/java-1.6.0-openjdk-1.6.0.0.x86_64/jre/lib/amd64/libverify.so
7f1c51515000-7f1c51518000 ---p 00000000 00:00 0 
7f1c51518000-7f1c51616000 rw-p 00000000 00:00 0 
7f1c51616000-7f1c51f3a000 r-xp 00000000 08:01 2237385                    /usr/lib/jvm/java-1.6.0-openjdk-1.6.0.0.x86_64/jre/lib/amd64/server/libjvm.so
7f1c51f3a000-7f1c52139000 ---p 00924000 08:01 2237385                    /usr/lib/jvm/java-1.6.0-openjdk-1.6.0.0.x86_64/jre/lib/amd64/server/libjvm.so
7f1c52139000-7f1c521d4000 rw-p 00923000 08:01 2237385                    /usr/lib/jvm/java-1.6.0-openjdk-1.6.0.0.x86_64/jre/lib/amd64/server/libjvm.so
7f1c521d4000-7f1c52201000 rw-p 00000000 00:00 0 
7f1c52201000-7f1c52203000 r--s 00000000 08:01 107555                     /var/cache/fontconfig/cf88f444488d569f9535e4f0ee8ed9a1-le64.cache-3
7f1c52203000-7f1c52206000 r--s 00000000 08:01 107420                     /var/cache/fontconfig/e3ead4b767b8819993a6fa3ae306afa9-le64.cache-3
7f1c52206000-7f1c52207000 r--s 00000000 08:01 107581                     /var/cache/fontconfig/1248881498ac025e45c3042f6afe9284-le64.cache-3
7f1c52207000-7f1c5220a000 r--s 00000000 08:01 107590                     /var/cache/fontconfig/beeeeb3dfe132a8a0633a017c99ce0c0-le64.cache-3
7f1c5220a000-7f1c52211000 r--s 00000000 08:01 1155074                    /usr/lib64/gconv/gconv-modules.cache
7f1c52211000-7f1c52215000 r--s 0007d000 08:01 2237112                    /usr/lib/jvm/java-1.6.0-openjdk-1.6.0.0.x86_64/jre/lib/jsse.jar
7f1c52215000-7f1c52218000 r--s 00019000 00:14 1163275634                 /afs/inf.ed.ac.uk/user/s10/s1025224/workspace/SDP3 Vision/lib/v4l4j.jar
7f1c52218000-7f1c5221a000 r--s 0000f000 08:01 2244617                    /usr/lib/jvm/java-1.6.0-openjdk-1.6.0.0.x86_64/jre/lib/ext/pulse-java.jar
7f1c5221a000-7f1c52223000 r--s 00065000 08:01 2244614                    /usr/lib/jvm/java-1.6.0-openjdk-1.6.0.0.x86_64/jre/lib/ext/gnome-java-bridge.jar
7f1c52223000-7f1c5222b000 rw-s 00000000 08:01 656420                     /tmp/hsperfdata_s1025224/12162
7f1c5222b000-7f1c5222c000 rw-p 00000000 00:00 0 
7f1c5222c000-7f1c5222d000 r--p 00000000 00:00 0 
7f1c5222d000-7f1c5222e000 rw-p 00000000 00:00 0 
7fff050ad000-7fff050c2000 rw-p 00000000 00:00 0                          [stack]
7fff051ff000-7fff05200000 r-xp 00000000 00:00 0                          [vdso]
ffffffffff600000-ffffffffff601000 r-xp 00000000 00:00 0                  [vsyscall]

VM Arguments:
jvm_args: -Dfile.encoding=UTF-8 
java_command: RunVision -cp ./lib/v4l4j.jar
Launcher Type: SUN_STANDARD

Environment Variables:
PATH=/usr/lib64/qt-3.3/bin:/usr/local/bin/:/usr/games:/usr/local/sbin:/usr/bin:/bin:/opt/sicstus-4.0.1/bin
LD_LIBRARY_PATH=/usr/lib/jvm/java-1.6.0-openjdk-1.6.0.0.x86_64/jre/lib/amd64/server:/usr/lib/jvm/java-1.6.0-openjdk-1.6.0.0.x86_64/jre/lib/amd64:/usr/lib/jvm/java-1.6.0-openjdk-1.6.0.0.x86_64/jre/../lib/amd64:$LD_LIBRARY_PATH:./lib
SHELL=/bin/bash
DISPLAY=:0.0

Signal Handlers:
SIGSEGV: [libjvm.so+0x7a24b0], sa_mask[0]=0x7ffbfeff, sa_flags=0x10000004
SIGBUS: [libjvm.so+0x7a24b0], sa_mask[0]=0x7ffbfeff, sa_flags=0x10000004
SIGFPE: [libjvm.so+0x66bbf0], sa_mask[0]=0x7ffbfeff, sa_flags=0x10000004
SIGPIPE: [libjvm.so+0x66bbf0], sa_mask[0]=0x7ffbfeff, sa_flags=0x10000004
SIGXFSZ: [libjvm.so+0x66bbf0], sa_mask[0]=0x7ffbfeff, sa_flags=0x10000004
SIGILL: [libjvm.so+0x66bbf0], sa_mask[0]=0x7ffbfeff, sa_flags=0x10000004
SIGUSR1: SIG_DFL, sa_mask[0]=0x00000000, sa_flags=0x00000000
SIGUSR2: [libjvm.so+0x66b410], sa_mask[0]=0x00000004, sa_flags=0x10000004
SIGHUP: [libjvm.so+0x66d870], sa_mask[0]=0x7ffbfeff, sa_flags=0x10000004
SIGINT: [libjvm.so+0x66d870], sa_mask[0]=0x7ffbfeff, sa_flags=0x10000004
SIGTERM: [libjvm.so+0x66d870], sa_mask[0]=0x7ffbfeff, sa_flags=0x10000004
SIGQUIT: [libjvm.so+0x66d870], sa_mask[0]=0x7ffbfeff, sa_flags=0x10000004


---------------  S Y S T E M  ---------------

OS:Scientific Linux release 6.3 (Carbon)

uname:Linux 2.6.32-279.11.1.el6.x86_64 #1 SMP Tue Oct 16 11:16:02 CDT 2012 x86_64
libc:glibc 2.12 NPTL 2.12 
rlimit: STACK 10240k, CORE 0k, NPROC 1024, NOFILE 4096, AS infinity
load average:0.67 0.58 0.32

/proc/meminfo:
MemTotal:        3948084 kB
MemFree:         1609076 kB
Buffers:          152576 kB
Cached:          1016068 kB
SwapCached:            0 kB
Active:          1307896 kB
Inactive:         702092 kB
Active(anon):     823984 kB
Inactive(anon):    60480 kB
Active(file):     483912 kB
Inactive(file):   641612 kB
Unevictable:        7844 kB
Mlocked:            7844 kB
SwapTotal:       4096564 kB
SwapFree:        4096564 kB
Dirty:               108 kB
Writeback:             0 kB
AnonPages:        847004 kB
Mapped:            98332 kB
Shmem:             36336 kB
Slab:             213504 kB
SReclaimable:     180816 kB
SUnreclaim:        32688 kB
KernelStack:        2632 kB
PageTables:        27200 kB
NFS_Unstable:          0 kB
Bounce:                0 kB
WritebackTmp:          0 kB
CommitLimit:     6070604 kB
Committed_AS:    1486052 kB
VmallocTotal:   34359738367 kB
VmallocUsed:      369088 kB
VmallocChunk:   34359312924 kB
HardwareCorrupted:     0 kB
AnonHugePages:    423936 kB
HugePages_Total:       0
HugePages_Free:        0
HugePages_Rsvd:        0
HugePages_Surp:        0
Hugepagesize:       2048 kB
DirectMap4k:        9860 kB
DirectMap2M:     4077568 kB


CPU:total 2 (2 cores per cpu, 1 threads per core) family 6 model 23 stepping 10, cmov, cx8, fxsr, mmx, sse, sse2, sse3, ssse3, sse4.1

Memory: 4k page, physical 3948084k(1609076k free), swap 4096564k(4096564k free)

vm_info: OpenJDK 64-Bit Server VM (20.0-b12) for linux-amd64 JRE (1.6.0_24-b24), built on Oct 17 2012 11:43:06 by "mockbuild" with gcc 4.4.6 20120305 (Red Hat 4.4.6-4)

time: Wed Jan 23 15:27:55 2013
elapsed time: 84 seconds

