#
# A fatal error has been detected by the Java Runtime Environment:
#
#  SIGSEGV (0xb) at pc=0x00000000ebffc5b8, pid=12131, tid=140633676699392
#
# JRE version: 6.0_24-b24
# Java VM: OpenJDK 64-Bit Server VM (20.0-b12 mixed mode linux-amd64 compressed oops)
# Derivative: IcedTea6 1.11.5
# Distribution: Scientific Linux release 6.3 (Carbon), package rhel-1.50.1.11.5.el6_3-x86_64
# Problematic frame:
# C  0x00000000ebffc5b8
#
# If you would like to submit a bug report, please include
# instructions how to reproduce the bug and visit:
#   http://icedtea.classpath.org/bugzilla
#

---------------  T H R E A D  ---------------

Current thread (0x00007fe7d813e000):  JavaThread "Frame pusher" [_thread_in_Java, id=12150, stack(0x00007fe7d447d000,0x00007fe7d457e000)]

siginfo:si_signo=SIGSEGV: si_errno=0, si_code=2 (SEGV_ACCERR), si_addr=0x00000000ebffc5b8

Registers:
RAX=0x0000000000000000, RBX=0x00007fe7d457c720, RCX=0x0000000000000001, RDX=0x0000000000000000
RSP=0x00007fe7d457c7c0, RBP=0x00000000b99217c0, RSI=0x00007fe7d457c690, RDI=0x00007fe7d500585a
R8 =0x0000000000022c00, R9 =0x0000000000000028, R10=0x00007fe7df3da120, R11=0x00007fe7d50adeb0
R12=0x0000000000000000, R13=0x00007fe7d50f8794, R14=0x00007fe7d457c718, R15=0x00007fe7d813e000
RIP=0x00000000ebffc5b8, EFLAGS=0x0000000000010246, CSGSFS=0x0000000000000033, ERR=0x0000000000000015
  TRAPNO=0x000000000000000e

Top of Stack: (sp=0x00007fe7d457c7c0)
0x00007fe7d457c7c0:   00000000ebffc5b8 00007fe7d50e8ba0
0x00007fe7d457c7d0:   00007fe700000001 00000000c4315f08
0x00007fe7d457c7e0:   00000000ebffc5b8 00000000ed3fc908
0x00007fe7d457c7f0:   0000013c680463b3 000000004031532c
0x00007fe7d457c800:   00000000ed3fc8f0 00000000ed3fc920
0x00007fe7d457c810:   00000000ed3fc908 0001ad1e00008ccc
0x00007fe7d457c820:   00000000ec1c1590 00000000ec1c15e0
0x00007fe7d457c830:   00000000ec1c1630 00000000ec1c1680
0x00007fe7d457c840:   00000000ec1c16d0 0000000000000050
0x00007fe7d457c850:   0002541500000000 00000000ec1c1540
0x00007fe7d457c860:   00000000ed3fc890 00000000ed3fc8d0
0x00007fe7d457c870:   000002ff0000020f 00000000ecc729c8
0x00007fe7d457c880:   0000018f000001e9 000000000000027f
0x00007fe7d457c890:   00007fe7d457c8d0 00000000b9ab8d90
0x00007fe7d457c8a0:   00007fe7d457c918 00007fe7d500585a
0x00007fe7d457c8b0:   00007fe7d500585a 0000013c680463b3
0x00007fe7d457c8c0:   00007fe7d457c918 00000000ebffc5b8
0x00007fe7d457c8d0:   00000000c4315f08 00007fe7d457c8d8
0x00007fe7d457c8e0:   00000000b9ad6211 00007fe7d457c948
0x00007fe7d457c8f0:   00000000b9ad6600 0000000000000000
0x00007fe7d457c900:   00000000b9ad6250 00007fe7d457c8b8
0x00007fe7d457c910:   00007fe7d457c940 00007fe7d457c990
0x00007fe7d457c920:   00007fe7d5005d34 00000000ebffc5b8
0x00007fe7d457c930:   0000013c680463b3 0000000000000000
0x00007fe7d457c940:   00000000c4316d50 00000000c4315ef8
0x00007fe7d457c950:   00007fe7d457c950 00000000b9ad72b1
0x00007fe7d457c960:   00007fe7d457c9b0 00000000b9ad7658
0x00007fe7d457c970:   0000000000000000 00000000b9ad72f0
0x00007fe7d457c980:   00007fe7d457c940 00007fe7d457c9b0
0x00007fe7d457c990:   00007fe7d457c9f8 00007fe7d5005d34
0x00007fe7d457c9a0:   0000000000000000 0000000000000000
0x00007fe7d457c9b0:   00000000c4315ed8 00007fe7d457c9b8 

Instructions: (pc=0x00000000ebffc5b8)
0x00000000ebffc598:   01 00 00 00 00 00 00 00 f0 12 60 b9 03 00 00 00
0x00000000ebffc5a8:   02 00 00 00 01 00 00 00 00 00 00 00 00 00 00 00
0x00000000ebffc5b8:   05 e0 13 d8 e7 7f 00 00 08 0c a8 b9 00 00 00 3f
0x00000000ebffc5c8:   98 ad 40 ed 05 00 00 00 00 00 00 00 80 f1 03 c4 

Register to memory mapping:

RAX=0x0000000000000000 is an unknown value
RBX=0x00007fe7d457c720 is pointing into the stack for thread: 0x00007fe7d813e000
RCX=0x0000000000000001 is an unknown value
RDX=0x0000000000000000 is an unknown value
RSP=0x00007fe7d457c7c0 is pointing into the stack for thread: 0x00007fe7d813e000
RBP=0x00000000b99217c0 is an oop
java.lang.Class 
 - klass: 'java/lang/Class'
RSI=0x00007fe7d457c690 is pointing into the stack for thread: 0x00007fe7d813e000
RDI=0x00007fe7d500585a is an Interpreter codelet
return entry points  [0x00007fe7d5005140, 0x00007fe7d5006700]  5568 bytes
R8 =0x0000000000022c00 is an unknown value
R9 =0x0000000000000028 is an unknown value
R10=0x00007fe7df3da120: <offset 0xbd3120> in /usr/lib/jvm/java-1.6.0-openjdk-1.6.0.0.x86_64/jre/lib/amd64/server/libjvm.so at 0x00007fe7de807000
R11=0x00007fe7d50add50 [CodeBlob (0x00007fe7d50add50)]
Framesize: 4
R12=0x0000000000000000 is an unknown value
R13=0x00007fe7d50f5e10 [CodeBlob (0x00007fe7d50f5e10)]
Framesize: 22
R14=0x00007fe7d457c718 is pointing into the stack for thread: 0x00007fe7d813e000
R15=0x00007fe7d813e000 is a thread


Stack: [0x00007fe7d447d000,0x00007fe7d457e000],  sp=0x00007fe7d457c7c0,  free space=1021k
Native frames: (J=compiled Java code, j=interpreted, Vv=VM code, C=native code)
C  0x00000000ebffc5b8


---------------  P R O C E S S  ---------------

Java Threads: ( => current thread )
  0x00007fe7d8007800 JavaThread "DestroyJavaVM" [_thread_blocked, id=12132, stack(0x00007fe7de706000,0x00007fe7de807000)]
  0x00007fe7d8251000 JavaThread "AWT-EventQueue-0" [_thread_blocked, id=12158, stack(0x00007fe7b99fb000,0x00007fe7b9afc000)]
  0x00007fe7d822c800 JavaThread "AWT-Shutdown" [_thread_blocked, id=12157, stack(0x00007fe7b9afc000,0x00007fe7b9bfd000)]
  0x00007fe7d8222000 JavaThread "AWT-XAWT" daemon [_thread_in_native, id=12152, stack(0x00007fe7b9bfd000,0x00007fe7b9cfe000)]
  0x00007fe7d816f800 JavaThread "Java2D Disposer" daemon [_thread_blocked, id=12151, stack(0x00007fe7d4141000,0x00007fe7d4242000)]
=>0x00007fe7d813e000 JavaThread "Frame pusher" [_thread_in_Java, id=12150, stack(0x00007fe7d447d000,0x00007fe7d457e000)]
  0x00007fe7d8099800 JavaThread "Low Memory Detector" daemon [_thread_blocked, id=12145, stack(0x00007fe7dca20000,0x00007fe7dcb21000)]
  0x00007fe7d8097800 JavaThread "C2 CompilerThread1" daemon [_thread_blocked, id=12144, stack(0x00007fe7dcb21000,0x00007fe7dcc22000)]
  0x00007fe7d8094800 JavaThread "C2 CompilerThread0" daemon [_thread_blocked, id=12143, stack(0x00007fe7dcc22000,0x00007fe7dcd23000)]
  0x00007fe7d8093000 JavaThread "Signal Dispatcher" daemon [_thread_blocked, id=12142, stack(0x00007fe7dcd23000,0x00007fe7dce24000)]
  0x00007fe7d8074000 JavaThread "Finalizer" daemon [_thread_blocked, id=12141, stack(0x00007fe7dce24000,0x00007fe7dcf25000)]
  0x00007fe7d8072000 JavaThread "Reference Handler" daemon [_thread_blocked, id=12140, stack(0x00007fe7dcf25000,0x00007fe7dd026000)]

Other Threads:
  0x00007fe7d806b000 VMThread [stack: 0x00007fe7dd026000,0x00007fe7dd127000] [id=12139]
  0x00007fe7d809c800 WatcherThread [stack: 0x00007fe7dc91f000,0x00007fe7dca20000] [id=12146]

VM state:not at safepoint (normal execution)

VM Mutex/Monitor currently owned by a thread: None

Heap
 PSYoungGen      total 90816K, used 23171K [0x00000000ebeb0000, 0x00000000f2c60000, 0x0000000100000000)
  eden space 89728K, 24% used [0x00000000ebeb0000,0x00000000ed44ffb8,0x00000000f1650000)
  from space 1088K, 94% used [0x00000000f2b50000,0x00000000f2c51010,0x00000000f2c60000)
  to   space 2688K, 0% used [0x00000000f2720000,0x00000000f2720000,0x00000000f29c0000)
 PSOldGen        total 41152K, used 32430K [0x00000000c3c00000, 0x00000000c6430000, 0x00000000ebeb0000)
  object space 41152K, 78% used [0x00000000c3c00000,0x00000000c5bab9f8,0x00000000c6430000)
 PSPermGen       total 21248K, used 14513K [0x00000000b9600000, 0x00000000baac0000, 0x00000000c3c00000)
  object space 21248K, 68% used [0x00000000b9600000,0x00000000ba42c6e8,0x00000000baac0000)

Code Cache  [0x00007fe7d5000000, 0x00007fe7d5270000, 0x00007fe7d8000000)
 total_blobs=592 nmethods=127 adapters=419 free_code_cache=49344320 largest_free_block=43968

Dynamic libraries:
00400000-00408000 r-xp 00000000 08:01 2262302                            /usr/lib/jvm/java-1.6.0-openjdk-1.6.0.0.x86_64/bin/java
00608000-00609000 rw-p 00008000 08:01 2262302                            /usr/lib/jvm/java-1.6.0-openjdk-1.6.0.0.x86_64/bin/java
020ab000-02237000 rw-p 00000000 00:00 0                                  [heap]
b9600000-baac0000 rw-p 00000000 00:00 0 
baac0000-c3c00000 rw-p 00000000 00:00 0 
c3c00000-c6430000 rw-p 00000000 00:00 0 
c6430000-ebeb0000 rw-p 00000000 00:00 0 
ebeb0000-f2c60000 rw-p 00000000 00:00 0 
f2c60000-ffe20000 ---p 00000000 00:00 0 
ffe20000-100000000 rw-p 00000000 00:00 0 
3494e00000-3494e20000 r-xp 00000000 08:01 1810519                        /lib64/ld-2.12.so
349501f000-3495020000 r--p 0001f000 08:01 1810519                        /lib64/ld-2.12.so
3495020000-3495021000 rw-p 00020000 08:01 1810519                        /lib64/ld-2.12.so
3495021000-3495022000 rw-p 00000000 00:00 0 
3495200000-3495389000 r-xp 00000000 08:01 1810544                        /lib64/libc-2.12.so
3495389000-3495589000 ---p 00189000 08:01 1810544                        /lib64/libc-2.12.so
3495589000-349558d000 r--p 00189000 08:01 1810544                        /lib64/libc-2.12.so
349558d000-349558e000 rw-p 0018d000 08:01 1810544                        /lib64/libc-2.12.so
349558e000-3495593000 rw-p 00000000 00:00 0 
3495600000-3495683000 r-xp 00000000 08:01 1810552                        /lib64/libm-2.12.so
3495683000-3495882000 ---p 00083000 08:01 1810552                        /lib64/libm-2.12.so
3495882000-3495883000 r--p 00082000 08:01 1810552                        /lib64/libm-2.12.so
3495883000-3495884000 rw-p 00083000 08:01 1810552                        /lib64/libm-2.12.so
3495a00000-3495a02000 r-xp 00000000 08:01 1813980                        /lib64/libdl-2.12.so
3495a02000-3495c02000 ---p 00002000 08:01 1813980                        /lib64/libdl-2.12.so
3495c02000-3495c03000 r--p 00002000 08:01 1813980                        /lib64/libdl-2.12.so
3495c03000-3495c04000 rw-p 00003000 08:01 1813980                        /lib64/libdl-2.12.so
3495e00000-3495e17000 r-xp 00000000 08:01 1813659                        /lib64/libpthread-2.12.so
3495e17000-3496017000 ---p 00017000 08:01 1813659                        /lib64/libpthread-2.12.so
3496017000-3496018000 r--p 00017000 08:01 1813659                        /lib64/libpthread-2.12.so
3496018000-3496019000 rw-p 00018000 08:01 1813659                        /lib64/libpthread-2.12.so
3496019000-349601d000 rw-p 00000000 00:00 0 
3496200000-3496215000 r-xp 00000000 08:01 1810627                        /lib64/libz.so.1.2.3
3496215000-3496414000 ---p 00015000 08:01 1810627                        /lib64/libz.so.1.2.3
3496414000-3496415000 r--p 00014000 08:01 1810627                        /lib64/libz.so.1.2.3
3496415000-3496416000 rw-p 00015000 08:01 1810627                        /lib64/libz.so.1.2.3
3496600000-3496607000 r-xp 00000000 08:01 1814241                        /lib64/librt-2.12.so
3496607000-3496806000 ---p 00007000 08:01 1814241                        /lib64/librt-2.12.so
3496806000-3496807000 r--p 00006000 08:01 1814241                        /lib64/librt-2.12.so
3496807000-3496808000 rw-p 00007000 08:01 1814241                        /lib64/librt-2.12.so
3497600000-3497602000 r-xp 00000000 08:01 1878455                        /usr/lib64/libXau.so.6.0.0
3497602000-3497802000 ---p 00002000 08:01 1878455                        /usr/lib64/libXau.so.6.0.0
3497802000-3497803000 rw-p 00002000 08:01 1878455                        /usr/lib64/libXau.so.6.0.0
3497a00000-3497b39000 r-xp 00000000 08:01 1879666                        /usr/lib64/libX11.so.6.3.0
3497b39000-3497d39000 ---p 00139000 08:01 1879666                        /usr/lib64/libX11.so.6.3.0
3497d39000-3497d3f000 rw-p 00139000 08:01 1879666                        /usr/lib64/libX11.so.6.3.0
3497e00000-3497e1b000 r-xp 00000000 08:01 1879496                        /usr/lib64/libxcb.so.1.1.0
3497e1b000-349801a000 ---p 0001b000 08:01 1879496                        /usr/lib64/libxcb.so.1.1.0
349801a000-349801b000 rw-p 0001a000 08:01 1879496                        /usr/lib64/libxcb.so.1.1.0
3498600000-3498611000 r-xp 00000000 08:01 1879700                        /usr/lib64/libXext.so.6.4.0
3498611000-3498811000 ---p 00011000 08:01 1879700                        /usr/lib64/libXext.so.6.4.0
3498811000-3498812000 rw-p 00011000 08:01 1879700                        /usr/lib64/libXext.so.6.4.0
3498e00000-3498e98000 r-xp 00000000 08:01 1879229                        /usr/lib64/libfreetype.so.6.3.22
3498e98000-3499097000 ---p 00098000 08:01 1879229                        /usr/lib64/libfreetype.so.6.3.22
3499097000-349909d000 rw-p 00097000 08:01 1879229                        /usr/lib64/libfreetype.so.6.3.22
349a200000-349a209000 r-xp 00000000 08:01 1880318                        /usr/lib64/libXrender.so.1.3.0
349a209000-349a409000 ---p 00009000 08:01 1880318                        /usr/lib64/libXrender.so.1.3.0
349a409000-349a40a000 rw-p 00009000 08:01 1880318                        /usr/lib64/libXrender.so.1.3.0
349aa00000-349aa05000 r-xp 00000000 08:01 1880447                        /usr/lib64/libXfixes.so.3.1.0
349aa05000-349ac04000 ---p 00005000 08:01 1880447                        /usr/lib64/libXfixes.so.3.1.0
349ac04000-349ac05000 rw-p 00004000 08:01 1880447                        /usr/lib64/libXfixes.so.3.1.0
349ae00000-349ae0f000 r-xp 00000000 08:01 1880313                        /usr/lib64/libXi.so.6.1.0
349ae0f000-349b00e000 ---p 0000f000 08:01 1880313                        /usr/lib64/libXi.so.6.1.0
349b00e000-349b00f000 rw-p 0000e000 08:01 1880313                        /usr/lib64/libXi.so.6.1.0
349b600000-349b609000 r-xp 00000000 08:01 1880488                        /usr/lib64/libXcursor.so.1.0.2
349b609000-349b809000 ---p 00009000 08:01 1880488                        /usr/lib64/libXcursor.so.1.0.2
349b809000-349b80a000 rw-p 00009000 08:01 1880488                        /usr/lib64/libXcursor.so.1.0.2
34a3e00000-34a3e05000 r-xp 00000000 08:01 1880702                        /usr/lib64/libXtst.so.6.1.0
34a3e05000-34a4005000 ---p 00005000 08:01 1880702                        /usr/lib64/libXtst.so.6.1.0
34a4005000-34a4006000 rw-p 00005000 08:01 1880702                        /usr/lib64/libXtst.so.6.1.0
34a6000000-34a6023000 r-xp 00000000 08:01 1879062                        /usr/lib64/libjpeg.so.62.0.0
34a6023000-34a6223000 ---p 00023000 08:01 1879062                        /usr/lib64/libjpeg.so.62.0.0
34a6223000-34a6224000 rw-p 00023000 08:01 1879062                        /usr/lib64/libjpeg.so.62.0.0
34a6400000-34a6416000 r-xp 00000000 08:01 1814340                        /lib64/libnsl-2.12.so
34a6416000-34a6615000 ---p 00016000 08:01 1814340                        /lib64/libnsl-2.12.so
34a6615000-34a6616000 r--p 00015000 08:01 1814340                        /lib64/libnsl-2.12.so
34a6616000-34a6617000 rw-p 00016000 08:01 1814340                        /lib64/libnsl-2.12.so
34a6617000-34a6619000 rw-p 00000000 00:00 0 
392fe00000-392fe16000 r-xp 00000000 08:01 1810486                        /lib64/libgcc_s-4.4.6-20120305.so.1
392fe16000-3930015000 ---p 00016000 08:01 1810486                        /lib64/libgcc_s-4.4.6-20120305.so.1
3930015000-3930016000 rw-p 00015000 08:01 1810486                        /lib64/libgcc_s-4.4.6-20120305.so.1
3930600000-39306e8000 r-xp 00000000 08:01 1664136                        /usr/lib64/libstdc++.so.6.0.13
39306e8000-39308e8000 ---p 000e8000 08:01 1664136                        /usr/lib64/libstdc++.so.6.0.13
39308e8000-39308ef000 r--p 000e8000 08:01 1664136                        /usr/lib64/libstdc++.so.6.0.13
39308ef000-39308f1000 rw-p 000ef000 08:01 1664136                        /usr/lib64/libstdc++.so.6.0.13
39308f1000-3930906000 rw-p 00000000 00:00 0 
3fc6400000-3fc6404000 r-xp 00000000 08:01 2237433                        /usr/lib/jvm/java-1.6.0-openjdk-1.6.0.0.x86_64/jre/lib/amd64/jli/libjli.so
3fc6404000-3fc6603000 ---p 00004000 08:01 2237433                        /usr/lib/jvm/java-1.6.0-openjdk-1.6.0.0.x86_64/jre/lib/amd64/jli/libjli.so
3fc6603000-3fc6604000 rw-p 00003000 08:01 2237433                        /usr/lib/jvm/java-1.6.0-openjdk-1.6.0.0.x86_64/jre/lib/amd64/jli/libjli.so
7fe794000000-7fe794021000 rw-p 00000000 00:00 0 
7fe794021000-7fe798000000 ---p 00000000 00:00 0 
7fe798000000-7fe798021000 rw-p 00000000 00:00 0 
7fe798021000-7fe79c000000 ---p 00000000 00:00 0 
7fe79c000000-7fe79c0e2000 rw-p 00000000 00:00 0 
7fe79c0e2000-7fe7a0000000 ---p 00000000 00:00 0 
7fe7a0000000-7fe7a0021000 rw-p 00000000 00:00 0 
7fe7a0021000-7fe7a4000000 ---p 00000000 00:00 0 
7fe7a4000000-7fe7a4021000 rw-p 00000000 00:00 0 
7fe7a4021000-7fe7a8000000 ---p 00000000 00:00 0 
7fe7a8000000-7fe7a8021000 rw-p 00000000 00:00 0 
7fe7a8021000-7fe7ac000000 ---p 00000000 00:00 0 
7fe7ac000000-7fe7accdd000 rw-p 00000000 00:00 0 
7fe7accdd000-7fe7b0000000 ---p 00000000 00:00 0 
7fe7b0000000-7fe7b18b6000 rw-p 00000000 00:00 0 
7fe7b18b6000-7fe7b4000000 ---p 00000000 00:00 0 
7fe7b4000000-7fe7b4021000 rw-p 00000000 00:00 0 
7fe7b4021000-7fe7b8000000 ---p 00000000 00:00 0 
7fe7b9873000-7fe7b98e5000 rw-s 00000000 00:04 2359311                    /SYSV00000000 (deleted)
7fe7b98e5000-7fe7b99fb000 rw-s 00000000 00:04 2326542                    /SYSV00000000 (deleted)
7fe7b99fb000-7fe7b99fe000 ---p 00000000 00:00 0 
7fe7b99fe000-7fe7b9afc000 rw-p 00000000 00:00 0 
7fe7b9afc000-7fe7b9aff000 ---p 00000000 00:00 0 
7fe7b9aff000-7fe7b9bfd000 rw-p 00000000 00:00 0 
7fe7b9bfd000-7fe7b9c00000 ---p 00000000 00:00 0 
7fe7b9c00000-7fe7b9cfe000 rw-p 00000000 00:00 0 
7fe7b9cfe000-7fe7b9d08000 r-xp 00000000 08:01 2237365                    /usr/lib/jvm/java-1.6.0-openjdk-1.6.0.0.x86_64/jre/lib/amd64/libjpeg.so
7fe7b9d08000-7fe7b9f07000 ---p 0000a000 08:01 2237365                    /usr/lib/jvm/java-1.6.0-openjdk-1.6.0.0.x86_64/jre/lib/amd64/libjpeg.so
7fe7b9f07000-7fe7b9f08000 rw-p 00009000 08:01 2237365                    /usr/lib/jvm/java-1.6.0-openjdk-1.6.0.0.x86_64/jre/lib/amd64/libjpeg.so
7fe7b9f08000-7fe7b9f39000 r-xp 00000000 08:01 2237369                    /usr/lib/jvm/java-1.6.0-openjdk-1.6.0.0.x86_64/jre/lib/amd64/liblcms.so
7fe7b9f39000-7fe7ba139000 ---p 00031000 08:01 2237369                    /usr/lib/jvm/java-1.6.0-openjdk-1.6.0.0.x86_64/jre/lib/amd64/liblcms.so
7fe7ba139000-7fe7ba13a000 rw-p 00031000 08:01 2237369                    /usr/lib/jvm/java-1.6.0-openjdk-1.6.0.0.x86_64/jre/lib/amd64/liblcms.so
7fe7ba13a000-7fe7ba13d000 rw-p 00000000 00:00 0 
7fe7ba13d000-7fe7ba144000 r--s 000fb000 08:01 2237428                    /usr/lib/jvm/java-1.6.0-openjdk-1.6.0.0.x86_64/jre/lib/resources.jar
7fe7ba144000-7fe7ba145000 r--s 00000000 08:01 107585                     /var/cache/fontconfig/a2cb55133c4e4d547d9f2f13802ad545-le64.cache-3
7fe7ba145000-7fe7ba146000 r--s 00000000 08:01 107584                     /var/cache/fontconfig/d7c3980621ce8b556f132f9897986857-le64.cache-3
7fe7ba146000-7fe7ba147000 r--s 00000000 08:01 107583                     /var/cache/fontconfig/b417f44d866161e310b9b599dabfbbe5-le64.cache-3
7fe7ba147000-7fe7ba148000 r--s 00000000 08:01 107582                     /var/cache/fontconfig/1cbcaebf2d8a4584a554b1b7fc6e886b-le64.cache-3
7fe7ba148000-7fe7ba149000 r--s 00000000 08:01 107290                     /var/cache/fontconfig/9c991551d4d37280ee51c97e8f8abbc9-le64.cache-3
7fe7ba149000-7fe7ba14d000 r--s 00000000 08:01 107393                     /var/cache/fontconfig/87f5e051180a7a75f16eb6fe7dbd3749-le64.cache-3
7fe7ba14d000-7fe7ba156000 r--s 00000000 08:01 107425                     /var/cache/fontconfig/b79f3aaa7d385a141ab53ec885cc22a8-le64.cache-3
7fe7ba156000-7fe7ba159000 r--s 00000000 08:01 107526                     /var/cache/fontconfig/0b1bcc92b4d25cc154d77dafe3bceaa0-le64.cache-3
7fe7ba159000-7fe7ba15d000 r--s 00000000 08:01 107723                     /var/cache/fontconfig/68fe5182b80ae2709eaaf65e42dcaf33-le64.cache-3
7fe7ba15d000-7fe7ba15e000 r--s 00000000 08:01 107720                     /var/cache/fontconfig/ac1b9faef01ec4feb36ba76b98842887-le64.cache-3
7fe7ba15e000-7fe7ba161000 r--s 00000000 08:01 107680                     /var/cache/fontconfig/ebb99784de50d4c4223a6523ac9c5d63-le64.cache-3
7fe7ba161000-7fe7ba162000 r--s 00000000 08:01 107677                     /var/cache/fontconfig/ad3af325ad4e0a82eb2b3e930ff23cd5-le64.cache-3
7fe7ba162000-7fe7ba164000 r--s 00000000 08:01 107667                     /var/cache/fontconfig/0c76f5ee3a101157014da521290d0599-le64.cache-3
7fe7ba164000-7fe7ba167000 r--s 00000000 08:01 107525                     /var/cache/fontconfig/2e1514a9fdd499050989183bb65136db-le64.cache-3
7fe7ba167000-7fe7ba168000 r--s 00000000 08:01 107286                     /var/cache/fontconfig/44ad4949f51819251fed26de7f5ef1ed-le64.cache-3
7fe7ba168000-7fe7ba170000 r--s 00000000 08:01 107288                     /var/cache/fontconfig/5c755b2f27115486aa6359c84dd3cbda-le64.cache-3
7fe7ba170000-7fe7c0000000 r--p 00000000 08:01 1870382                    /usr/lib/locale/locale-archive
7fe7c0000000-7fe7c0021000 rw-p 00000000 00:00 0 
7fe7c0021000-7fe7c4000000 ---p 00000000 00:00 0 
7fe7c4000000-7fe7c4021000 rw-p 00000000 00:00 0 
7fe7c4021000-7fe7c8000000 ---p 00000000 00:00 0 
7fe7c8000000-7fe7c8021000 rw-p 00000000 00:00 0 
7fe7c8021000-7fe7cc000000 ---p 00000000 00:00 0 
7fe7cc000000-7fe7cc021000 rw-p 00000000 00:00 0 
7fe7cc021000-7fe7d0000000 ---p 00000000 00:00 0 
7fe7d0000000-7fe7d0021000 rw-p 00000000 00:00 0 
7fe7d0021000-7fe7d4000000 ---p 00000000 00:00 0 
7fe7d4003000-7fe7d4004000 r--s 00000000 08:01 107529                     /var/cache/fontconfig/b966c23d19cce9e9a98d55765cf2a0c7-le64.cache-3
7fe7d4004000-7fe7d4013000 r--s 00000000 08:01 107520                     /var/cache/fontconfig/3f821257dd33660ba7bbb45c32deb84c-le64.cache-3
7fe7d4013000-7fe7d401c000 r--s 00000000 08:01 107537                     /var/cache/fontconfig/830f035fa84a65ce80e050178dbb630d-le64.cache-3
7fe7d401c000-7fe7d401f000 r--s 00000000 08:01 107538                     /var/cache/fontconfig/81a173283b451552b599cfaafd6236bd-le64.cache-3
7fe7d401f000-7fe7d4020000 r--s 00000000 08:01 107586                     /var/cache/fontconfig/ac68f755438cc3dc5a526084839fc7ca-le64.cache-3
7fe7d4020000-7fe7d4021000 r--s 00000000 08:01 107431                     /var/cache/fontconfig/e8fe69fff143ec54c56d12417c2b92c6-le64.cache-3
7fe7d4021000-7fe7d4022000 r--s 00000000 08:01 107542                     /var/cache/fontconfig/a8c9a5f1ab5a46f0074d105dddc874cf-le64.cache-3
7fe7d4022000-7fe7d4023000 r--s 00000000 08:01 107438                     /var/cache/fontconfig/6cfc7d49b27ba7d3eb71ab86e04def2c-le64.cache-3
7fe7d4023000-7fe7d4024000 r--s 00000000 08:01 107281                     /var/cache/fontconfig/6fcb01a03a016cc71057b587cdea6709-le64.cache-3
7fe7d4024000-7fe7d4025000 r--s 00000000 08:01 107539                     /var/cache/fontconfig/2678730374f88f8c6b5c0192ab5a46db-le64.cache-3
7fe7d4025000-7fe7d4026000 r--s 00000000 08:01 107435                     /var/cache/fontconfig/46d51d90fe9d963f6f4186edb936a931-le64.cache-3
7fe7d4026000-7fe7d4029000 r--s 00000000 08:01 107822                     /var/cache/fontconfig/cfde08ab28ad1d91784abb10973575e3-le64.cache-3
7fe7d4029000-7fe7d402a000 r--s 00000000 08:01 107726                     /var/cache/fontconfig/b887eea8f1b96e1d899b44ed6681fc27-le64.cache-3
7fe7d402a000-7fe7d402b000 r--s 00000000 08:01 107709                     /var/cache/fontconfig/860639f272b8b4b3094f9e399e41bccd-le64.cache-3
7fe7d402b000-7fe7d402c000 r--s 00000000 08:01 107673                     /var/cache/fontconfig/211368abcb0ff835c229ff05c9ec01dc-le64.cache-3
7fe7d402c000-7fe7d402d000 r--s 00000000 08:01 107666                     /var/cache/fontconfig/c46020d7221988a13df853d2b46304fc-le64.cache-3
7fe7d402d000-7fe7d402e000 r--s 00000000 08:01 107639                     /var/cache/fontconfig/fa2b533b7056bdadb961f088bc0a978b-le64.cache-3
7fe7d402e000-7fe7d402f000 r--s 00000000 08:01 107273                     /var/cache/fontconfig/df893b4576ad6107f9397134092c4059-le64.cache-3
7fe7d402f000-7fe7d4030000 r--s 00000000 08:01 107636                     /var/cache/fontconfig/900402270e15d763a6e008bb2d4c7686-le64.cache-3
7fe7d4030000-7fe7d4031000 r--s 00000000 08:01 107442                     /var/cache/fontconfig/47f48679023f44a4d1e44699a69464f6-le64.cache-3
7fe7d4031000-7fe7d4032000 r--s 00000000 08:01 107629                     /var/cache/fontconfig/2881ed3fd21ca306ddad6f9b0dd3189f-le64.cache-3
7fe7d4032000-7fe7d4033000 r--s 00000000 08:01 107628                     /var/cache/fontconfig/3c3fb04d32a5211b073874b125d29701-le64.cache-3
7fe7d4033000-7fe7d4034000 r--s 00000000 08:01 107285                     /var/cache/fontconfig/e61abf8156cc476151baa07d67337cae-le64.cache-3
7fe7d4034000-7fe7d4038000 r--s 00000000 08:01 107328                     /var/cache/fontconfig/b67b32625a2bb51b023d3814a918f351-le64.cache-3
7fe7d4038000-7fe7d4039000 r--s 00000000 08:01 107552                     /var/cache/fontconfig/991510d2da7f7b2bf8468002aae90060-le64.cache-3
7fe7d4039000-7fe7d403d000 r--s 00000000 08:01 107528                     /var/cache/fontconfig/d3379abda271c4acd2ad0c01f565d0b0-le64.cache-3
7fe7d403d000-7fe7d4042000 r--s 00000000 08:01 107432                     /var/cache/fontconfig/46b47dbc682d2ca4191e148ea7bde7f2-le64.cache-3
7fe7d4042000-7fe7d4043000 r--s 00000000 08:01 107282                     /var/cache/fontconfig/b4d0b56f766d89640448751fcd18ec1e-le64.cache-3
7fe7d4043000-7fe7d4046000 r--s 00000000 08:01 107532                     /var/cache/fontconfig/0b65734d4b05444408d43c6f04076891-le64.cache-3
7fe7d4046000-7fe7d4049000 r--s 00000000 08:01 107533                     /var/cache/fontconfig/b3156a3b746fa248f533fda5763a8a74-le64.cache-3
7fe7d4049000-7fe7d404c000 r--s 00000000 08:01 107534                     /var/cache/fontconfig/cf2648471cd3c1408333626fc428bcc9-le64.cache-3
7fe7d404c000-7fe7d404f000 r--s 00000000 08:01 107287                     /var/cache/fontconfig/85f1cedf31c437d74e7f145ee32183f4-le64.cache-3
7fe7d404f000-7fe7d405f000 r--s 00000000 08:01 107430                     /var/cache/fontconfig/614d1caaa4d7914789410f6367de37ca-le64.cache-3
7fe7d405f000-7fe7d4068000 r--s 00000000 08:01 107424                     /var/cache/fontconfig/12b26b760a24f8b4feb03ad48a333a72-le64.cache-3
7fe7d4068000-7fe7d4071000 r--s 00000000 08:01 107391                     /var/cache/fontconfig/33315028185e8b9ecf55d3c7f93d9205-le64.cache-3
7fe7d4071000-7fe7d4075000 r--s 00000000 08:01 107292                     /var/cache/fontconfig/3df8979866e8848a59fe99e84294e911-le64.cache-3
7fe7d4075000-7fe7d4087000 r--s 00000000 08:01 107283                     /var/cache/fontconfig/74717c444f6fd72454fa9c9c0ee01ca7-le64.cache-3
7fe7d4087000-7fe7d408e000 r--s 00000000 08:01 107454                     /var/cache/fontconfig/928306c3ad40271d946e41014a49fc28-le64.cache-3
7fe7d408e000-7fe7d4095000 r--s 00000000 08:01 107437                     /var/cache/fontconfig/fa1582dab13e7e8e44e5a9424d309f0e-le64.cache-3
7fe7d4095000-7fe7d4097000 r--s 00000000 08:01 107555                     /var/cache/fontconfig/cf88f444488d569f9535e4f0ee8ed9a1-le64.cache-3
7fe7d4097000-7fe7d409a000 r--s 00000000 08:01 107420                     /var/cache/fontconfig/e3ead4b767b8819993a6fa3ae306afa9-le64.cache-3
7fe7d409a000-7fe7d40a6000 r--s 00000000 08:01 107579                     /var/cache/fontconfig/18db0204b1f108dd01663673626fcd3d-le64.cache-3
7fe7d40a6000-7fe7d40a7000 r--s 00000000 08:01 107581                     /var/cache/fontconfig/1248881498ac025e45c3042f6afe9284-le64.cache-3
7fe7d40a7000-7fe7d40aa000 r--s 00000000 08:01 107590                     /var/cache/fontconfig/beeeeb3dfe132a8a0633a017c99ce0c0-le64.cache-3
7fe7d40aa000-7fe7d40ab000 r--s 00000000 08:01 107585                     /var/cache/fontconfig/a2cb55133c4e4d547d9f2f13802ad545-le64.cache-3
7fe7d40ab000-7fe7d40ac000 r--s 00000000 08:01 107584                     /var/cache/fontconfig/d7c3980621ce8b556f132f9897986857-le64.cache-3
7fe7d40ac000-7fe7d40ad000 r--s 00000000 08:01 107583                     /var/cache/fontconfig/b417f44d866161e310b9b599dabfbbe5-le64.cache-3
7fe7d40ad000-7fe7d40ae000 r--s 00000000 08:01 107582                     /var/cache/fontconfig/1cbcaebf2d8a4584a554b1b7fc6e886b-le64.cache-3
7fe7d40ae000-7fe7d40af000 r--s 00000000 08:01 107290                     /var/cache/fontconfig/9c991551d4d37280ee51c97e8f8abbc9-le64.cache-3
7fe7d40af000-7fe7d40b3000 r--s 00000000 08:01 107393                     /var/cache/fontconfig/87f5e051180a7a75f16eb6fe7dbd3749-le64.cache-3
7fe7d40b3000-7fe7d40bc000 r--s 00000000 08:01 107425                     /var/cache/fontconfig/b79f3aaa7d385a141ab53ec885cc22a8-le64.cache-3
7fe7d40bc000-7fe7d40bf000 r--s 00000000 08:01 107526                     /var/cache/fontconfig/0b1bcc92b4d25cc154d77dafe3bceaa0-le64.cache-3
7fe7d40bf000-7fe7d40c3000 r--s 00000000 08:01 107723                     /var/cache/fontconfig/68fe5182b80ae2709eaaf65e42dcaf33-le64.cache-3
7fe7d40c3000-7fe7d40c4000 r--s 00000000 08:01 107720                     /var/cache/fontconfig/ac1b9faef01ec4feb36ba76b98842887-le64.cache-3
7fe7d40c4000-7fe7d40c7000 r--s 00000000 08:01 107680                     /var/cache/fontconfig/ebb99784de50d4c4223a6523ac9c5d63-le64.cache-3
7fe7d40c7000-7fe7d40c8000 r--s 00000000 08:01 107677                     /var/cache/fontconfig/ad3af325ad4e0a82eb2b3e930ff23cd5-le64.cache-3
7fe7d40c8000-7fe7d40ca000 r--s 00000000 08:01 107667                     /var/cache/fontconfig/0c76f5ee3a101157014da521290d0599-le64.cache-3
7fe7d40ca000-7fe7d40cd000 r--s 00000000 08:01 107525                     /var/cache/fontconfig/2e1514a9fdd499050989183bb65136db-le64.cache-3
7fe7d40cd000-7fe7d40ce000 r--s 00000000 08:01 107286                     /var/cache/fontconfig/44ad4949f51819251fed26de7f5ef1ed-le64.cache-3
7fe7d40ce000-7fe7d40d6000 r--s 00000000 08:01 107288                     /var/cache/fontconfig/5c755b2f27115486aa6359c84dd3cbda-le64.cache-3
7fe7d40d6000-7fe7d40d7000 r--s 00000000 08:01 107529                     /var/cache/fontconfig/b966c23d19cce9e9a98d55765cf2a0c7-le64.cache-3
7fe7d40d7000-7fe7d40e6000 r--s 00000000 08:01 107520                     /var/cache/fontconfig/3f821257dd33660ba7bbb45c32deb84c-le64.cache-3
7fe7d40e6000-7fe7d40ef000 r--s 00000000 08:01 107537                     /var/cache/fontconfig/830f035fa84a65ce80e050178dbb630d-le64.cache-3
7fe7d40ef000-7fe7d40f2000 r--s 00000000 08:01 107538                     /var/cache/fontconfig/81a173283b451552b599cfaafd6236bd-le64.cache-3
7fe7d40f2000-7fe7d40f3000 r--s 00000000 08:01 107586                     /var/cache/fontconfig/ac68f755438cc3dc5a526084839fc7ca-le64.cache-3
7fe7d40f3000-7fe7d40f4000 r--s 00000000 08:01 107431                     /var/cache/fontconfig/e8fe69fff143ec54c56d12417c2b92c6-le64.cache-3
7fe7d40f4000-7fe7d40f5000 r--s 00000000 08:01 107542                     /var/cache/fontconfig/a8c9a5f1ab5a46f0074d105dddc874cf-le64.cache-3
7fe7d40f5000-7fe7d40f6000 r--s 00000000 08:01 107438                     /var/cache/fontconfig/6cfc7d49b27ba7d3eb71ab86e04def2c-le64.cache-3
7fe7d40f6000-7fe7d40f7000 r--s 00000000 08:01 107281                     /var/cache/fontconfig/6fcb01a03a016cc71057b587cdea6709-le64.cache-3
7fe7d40f7000-7fe7d40f8000 r--s 00000000 08:01 107539                     /var/cache/fontconfig/2678730374f88f8c6b5c0192ab5a46db-le64.cache-3
7fe7d40f8000-7fe7d40f9000 r--s 00000000 08:01 107435                     /var/cache/fontconfig/46d51d90fe9d963f6f4186edb936a931-le64.cache-3
7fe7d40f9000-7fe7d40fc000 r--s 00000000 08:01 107822                     /var/cache/fontconfig/cfde08ab28ad1d91784abb10973575e3-le64.cache-3
7fe7d40fc000-7fe7d40fd000 r--s 00000000 08:01 107726                     /var/cache/fontconfig/b887eea8f1b96e1d899b44ed6681fc27-le64.cache-3
7fe7d40fd000-7fe7d40fe000 r--s 00000000 08:01 107709                     /var/cache/fontconfig/860639f272b8b4b3094f9e399e41bccd-le64.cache-3
7fe7d40fe000-7fe7d40ff000 r--s 00000000 08:01 107673                     /var/cache/fontconfig/211368abcb0ff835c229ff05c9ec01dc-le64.cache-3
7fe7d40ff000-7fe7d4100000 r--s 00000000 08:01 107666                     /var/cache/fontconfig/c46020d7221988a13df853d2b46304fc-le64.cache-3
7fe7d4100000-7fe7d4101000 r--s 00000000 08:01 107639                     /var/cache/fontconfig/fa2b533b7056bdadb961f088bc0a978b-le64.cache-3
7fe7d4101000-7fe7d4102000 r--s 00000000 08:01 107273                     /var/cache/fontconfig/df893b4576ad6107f9397134092c4059-le64.cache-3
7fe7d4102000-7fe7d4103000 r--s 00000000 08:01 107636                     /var/cache/fontconfig/900402270e15d763a6e008bb2d4c7686-le64.cache-3
7fe7d4103000-7fe7d4104000 r--s 00000000 08:01 107442                     /var/cache/fontconfig/47f48679023f44a4d1e44699a69464f6-le64.cache-3
7fe7d4104000-7fe7d4105000 r--s 00000000 08:01 107629                     /var/cache/fontconfig/2881ed3fd21ca306ddad6f9b0dd3189f-le64.cache-3
7fe7d4105000-7fe7d4106000 r--s 00000000 08:01 107628                     /var/cache/fontconfig/3c3fb04d32a5211b073874b125d29701-le64.cache-3
7fe7d4106000-7fe7d4107000 r--s 00000000 08:01 107285                     /var/cache/fontconfig/e61abf8156cc476151baa07d67337cae-le64.cache-3
7fe7d4107000-7fe7d410b000 r--s 00000000 08:01 107328                     /var/cache/fontconfig/b67b32625a2bb51b023d3814a918f351-le64.cache-3
7fe7d410b000-7fe7d410c000 r--s 00000000 08:01 107552                     /var/cache/fontconfig/991510d2da7f7b2bf8468002aae90060-le64.cache-3
7fe7d410c000-7fe7d4110000 r--s 00000000 08:01 107528                     /var/cache/fontconfig/d3379abda271c4acd2ad0c01f565d0b0-le64.cache-3
7fe7d4110000-7fe7d4115000 r--s 00000000 08:01 107432                     /var/cache/fontconfig/46b47dbc682d2ca4191e148ea7bde7f2-le64.cache-3
7fe7d4115000-7fe7d4116000 r--s 00000000 08:01 107282                     /var/cache/fontconfig/b4d0b56f766d89640448751fcd18ec1e-le64.cache-3
7fe7d4116000-7fe7d4119000 r--s 00000000 08:01 107532                     /var/cache/fontconfig/0b65734d4b05444408d43c6f04076891-le64.cache-3
7fe7d4119000-7fe7d411c000 r--s 00000000 08:01 107533                     /var/cache/fontconfig/b3156a3b746fa248f533fda5763a8a74-le64.cache-3
7fe7d411c000-7fe7d411f000 r--s 00000000 08:01 107534                     /var/cache/fontconfig/cf2648471cd3c1408333626fc428bcc9-le64.cache-3
7fe7d411f000-7fe7d412f000 r--s 00000000 08:01 107430                     /var/cache/fontconfig/614d1caaa4d7914789410f6367de37ca-le64.cache-3
7fe7d412f000-7fe7d4138000 r--s 00000000 08:01 107424                     /var/cache/fontconfig/12b26b760a24f8b4feb03ad48a333a72-le64.cache-3
7fe7d4138000-7fe7d4141000 r--s 00000000 08:01 107391                     /var/cache/fontconfig/33315028185e8b9ecf55d3c7f93d9205-le64.cache-3
7fe7d4141000-7fe7d4144000 ---p 00000000 00:00 0 
7fe7d4144000-7fe7d4242000 rw-p 00000000 00:00 0 
7fe7d4242000-7fe7d427b000 r-xp 00000000 08:01 2236482                    /usr/lib/jvm/java-1.6.0-openjdk-1.6.0.0.x86_64/jre/lib/amd64/libfontmanager.so
7fe7d427b000-7fe7d447a000 ---p 00039000 08:01 2236482                    /usr/lib/jvm/java-1.6.0-openjdk-1.6.0.0.x86_64/jre/lib/amd64/libfontmanager.so
7fe7d447a000-7fe7d447c000 rw-p 00038000 08:01 2236482                    /usr/lib/jvm/java-1.6.0-openjdk-1.6.0.0.x86_64/jre/lib/amd64/libfontmanager.so
7fe7d447c000-7fe7d447d000 rw-p 00000000 00:00 0 
7fe7d447d000-7fe7d4480000 ---p 00000000 00:00 0 
7fe7d4480000-7fe7d457e000 rw-p 00000000 00:00 0 
7fe7d457e000-7fe7d45ca000 r-xp 00000000 08:01 2247016                    /usr/lib/jvm/java-1.6.0-openjdk-1.6.0.0.x86_64/jre/lib/amd64/xawt/libmawt.so
7fe7d45ca000-7fe7d47c9000 ---p 0004c000 08:01 2247016                    /usr/lib/jvm/java-1.6.0-openjdk-1.6.0.0.x86_64/jre/lib/amd64/xawt/libmawt.so
7fe7d47c9000-7fe7d47cc000 rw-p 0004b000 08:01 2247016                    /usr/lib/jvm/java-1.6.0-openjdk-1.6.0.0.x86_64/jre/lib/amd64/xawt/libmawt.so
7fe7d47cc000-7fe7d47ce000 rw-p 00000000 00:00 0 
7fe7d47ce000-7fe7d4877000 r-xp 00000000 08:01 2237444                    /usr/lib/jvm/java-1.6.0-openjdk-1.6.0.0.x86_64/jre/lib/amd64/libawt.so
7fe7d4877000-7fe7d4a77000 ---p 000a9000 08:01 2237444                    /usr/lib/jvm/java-1.6.0-openjdk-1.6.0.0.x86_64/jre/lib/amd64/libawt.so
7fe7d4a77000-7fe7d4a83000 rw-p 000a9000 08:01 2237444                    /usr/lib/jvm/java-1.6.0-openjdk-1.6.0.0.x86_64/jre/lib/amd64/libawt.so
7fe7d4a83000-7fe7d4b3e000 rw-p 00000000 00:00 0 
7fe7d4b3e000-7fe7d4da7000 r-xp 00000000 00:14 1163275632                 /afs/inf.ed.ac.uk/user/s10/s1025224/workspace/SDP3 Vision/lib/libvideo.so.0
7fe7d4da7000-7fe7d4fa6000 ---p 00269000 00:14 1163275632                 /afs/inf.ed.ac.uk/user/s10/s1025224/workspace/SDP3 Vision/lib/libvideo.so.0
7fe7d4fa6000-7fe7d4fae000 rw-p 00268000 00:14 1163275632                 /afs/inf.ed.ac.uk/user/s10/s1025224/workspace/SDP3 Vision/lib/libvideo.so.0
7fe7d4fae000-7fe7d5000000 rw-p 00000000 00:00 0 
7fe7d5000000-7fe7d5270000 rwxp 00000000 00:00 0 
7fe7d5270000-7fe7d8290000 rw-p 00000000 00:00 0 
7fe7d8290000-7fe7dc000000 ---p 00000000 00:00 0 
7fe7dc002000-7fe7dc014000 r--s 00000000 08:01 107283                     /var/cache/fontconfig/74717c444f6fd72454fa9c9c0ee01ca7-le64.cache-3
7fe7dc014000-7fe7dc01b000 r--s 00000000 08:01 107454                     /var/cache/fontconfig/928306c3ad40271d946e41014a49fc28-le64.cache-3
7fe7dc01b000-7fe7dc022000 r--s 00000000 08:01 107437                     /var/cache/fontconfig/fa1582dab13e7e8e44e5a9424d309f0e-le64.cache-3
7fe7dc022000-7fe7dc0b8000 rw-s 001c2000 00:05 36024                      /dev/video0
7fe7dc0b8000-7fe7dc14e000 rw-s 0012c000 00:05 36024                      /dev/video0
7fe7dc14e000-7fe7dc1e4000 rw-s 00096000 00:05 36024                      /dev/video0
7fe7dc1e4000-7fe7dc27a000 rw-s 00000000 00:05 36024                      /dev/video0
7fe7dc27a000-7fe7dc288000 r-xp 00000000 00:14 1163275630                 /afs/inf.ed.ac.uk/user/s10/s1025224/workspace/SDP3 Vision/lib/libv4l4j.so
7fe7dc288000-7fe7dc487000 ---p 0000e000 00:14 1163275630                 /afs/inf.ed.ac.uk/user/s10/s1025224/workspace/SDP3 Vision/lib/libv4l4j.so
7fe7dc487000-7fe7dc488000 rw-p 0000d000 00:14 1163275630                 /afs/inf.ed.ac.uk/user/s10/s1025224/workspace/SDP3 Vision/lib/libv4l4j.so
7fe7dc488000-7fe7dc490000 r-xp 00000000 08:01 2237373                    /usr/lib/jvm/java-1.6.0-openjdk-1.6.0.0.x86_64/jre/lib/amd64/libnio.so
7fe7dc490000-7fe7dc68f000 ---p 00008000 08:01 2237373                    /usr/lib/jvm/java-1.6.0-openjdk-1.6.0.0.x86_64/jre/lib/amd64/libnio.so
7fe7dc68f000-7fe7dc690000 rw-p 00007000 08:01 2237373                    /usr/lib/jvm/java-1.6.0-openjdk-1.6.0.0.x86_64/jre/lib/amd64/libnio.so
7fe7dc690000-7fe7dc6c1000 rw-p 00000000 00:00 0 
7fe7dc6c1000-7fe7dc6d6000 r-xp 00000000 08:01 2237372                    /usr/lib/jvm/java-1.6.0-openjdk-1.6.0.0.x86_64/jre/lib/amd64/libnet.so
7fe7dc6d6000-7fe7dc8d5000 ---p 00015000 08:01 2237372                    /usr/lib/jvm/java-1.6.0-openjdk-1.6.0.0.x86_64/jre/lib/amd64/libnet.so
7fe7dc8d5000-7fe7dc8d6000 rw-p 00014000 08:01 2237372                    /usr/lib/jvm/java-1.6.0-openjdk-1.6.0.0.x86_64/jre/lib/amd64/libnet.so
7fe7dc8d6000-7fe7dc8da000 r--s 0007d000 08:01 2237112                    /usr/lib/jvm/java-1.6.0-openjdk-1.6.0.0.x86_64/jre/lib/jsse.jar
7fe7dc8da000-7fe7dc8dd000 r--s 00019000 00:14 1163275634                 /afs/inf.ed.ac.uk/user/s10/s1025224/workspace/SDP3 Vision/lib/v4l4j.jar
7fe7dc8dd000-7fe7dc914000 r--s 0029c000 00:14 1163266804                 /afs/inf.ed.ac.uk/user/s10/s1025224/workspace/SDP3 Vision/lib/Ice.jar
7fe7dc914000-7fe7dc916000 r--s 0000f000 08:01 2244617                    /usr/lib/jvm/java-1.6.0-openjdk-1.6.0.0.x86_64/jre/lib/ext/pulse-java.jar
7fe7dc916000-7fe7dc91f000 r--s 00065000 08:01 2244614                    /usr/lib/jvm/java-1.6.0-openjdk-1.6.0.0.x86_64/jre/lib/ext/gnome-java-bridge.jar
7fe7dc91f000-7fe7dc920000 ---p 00000000 00:00 0 
7fe7dc920000-7fe7dca20000 rw-p 00000000 00:00 0 
7fe7dca20000-7fe7dca23000 ---p 00000000 00:00 0 
7fe7dca23000-7fe7dcb21000 rw-p 00000000 00:00 0 
7fe7dcb21000-7fe7dcb24000 ---p 00000000 00:00 0 
7fe7dcb24000-7fe7dcc22000 rw-p 00000000 00:00 0 
7fe7dcc22000-7fe7dcc25000 ---p 00000000 00:00 0 
7fe7dcc25000-7fe7dcd23000 rw-p 00000000 00:00 0 
7fe7dcd23000-7fe7dcd26000 ---p 00000000 00:00 0 
7fe7dcd26000-7fe7dce24000 rw-p 00000000 00:00 0 
7fe7dce24000-7fe7dce27000 ---p 00000000 00:00 0 
7fe7dce27000-7fe7dcf25000 rw-p 00000000 00:00 0 
7fe7dcf25000-7fe7dcf28000 ---p 00000000 00:00 0 
7fe7dcf28000-7fe7dd026000 rw-p 00000000 00:00 0 
7fe7dd026000-7fe7dd027000 ---p 00000000 00:00 0 
7fe7dd027000-7fe7dd45d000 rw-p 00000000 00:00 0 
7fe7dd45d000-7fe7dd5ef000 r--s 037c2000 08:01 2237430                    /usr/lib/jvm/java-1.6.0-openjdk-1.6.0.0.x86_64/jre/lib/rt.jar
7fe7dd5ef000-7fe7dd5f0000 ---p 00000000 00:00 0 
7fe7dd5f0000-7fe7dd6f0000 rw-p 00000000 00:00 0 
7fe7dd6f0000-7fe7dd6f1000 ---p 00000000 00:00 0 
7fe7dd6f1000-7fe7dd7fc000 rw-p 00000000 00:00 0 
7fe7dd7fc000-7fe7dd844000 rw-p 00000000 00:00 0 
7fe7dd844000-7fe7dd859000 rw-p 00000000 00:00 0 
7fe7dd859000-7fe7dd986000 rw-p 00000000 00:00 0 
7fe7dd986000-7fe7dd991000 rw-p 00000000 00:00 0 
7fe7dd991000-7fe7dd9d9000 rw-p 00000000 00:00 0 
7fe7dd9d9000-7fe7dd9ee000 rw-p 00000000 00:00 0 
7fe7dd9ee000-7fe7ddb1a000 rw-p 00000000 00:00 0 
7fe7ddb1a000-7fe7ddb52000 rw-p 00000000 00:00 0 
7fe7ddb52000-7fe7ddbbb000 ---p 00000000 00:00 0 
7fe7ddbbb000-7fe7ddbc6000 rw-p 00000000 00:00 0 
7fe7ddbc6000-7fe7ddc7c000 rw-p 00000000 00:00 0 
7fe7ddc7c000-7fe7ddc83000 r-xp 00000000 08:01 2237381                    /usr/lib/jvm/java-1.6.0-openjdk-1.6.0.0.x86_64/jre/lib/amd64/libzip.so
7fe7ddc83000-7fe7dde82000 ---p 00007000 08:01 2237381                    /usr/lib/jvm/java-1.6.0-openjdk-1.6.0.0.x86_64/jre/lib/amd64/libzip.so
7fe7dde82000-7fe7dde83000 rw-p 00006000 08:01 2237381                    /usr/lib/jvm/java-1.6.0-openjdk-1.6.0.0.x86_64/jre/lib/amd64/libzip.so
7fe7dde83000-7fe7dde8e000 r-xp 00000000 08:01 1813655                    /lib64/libnss_ldap.so.2
7fe7dde8e000-7fe7de08d000 ---p 0000b000 08:01 1813655                    /lib64/libnss_ldap.so.2
7fe7de08d000-7fe7de08e000 rw-p 0000a000 08:01 1813655                    /lib64/libnss_ldap.so.2
7fe7de08e000-7fe7de09a000 r-xp 00000000 08:01 1813974                    /lib64/libnss_files-2.12.so
7fe7de09a000-7fe7de29a000 ---p 0000c000 08:01 1813974                    /lib64/libnss_files-2.12.so
7fe7de29a000-7fe7de29b000 r--p 0000c000 08:01 1813974                    /lib64/libnss_files-2.12.so
7fe7de29b000-7fe7de29c000 rw-p 0000d000 08:01 1813974                    /lib64/libnss_files-2.12.so
7fe7de29d000-7fe7de2a0000 r--s 00000000 08:01 107287                     /var/cache/fontconfig/85f1cedf31c437d74e7f145ee32183f4-le64.cache-3
7fe7de2a0000-7fe7de2c8000 rw-p 00000000 00:00 0 
7fe7de2c8000-7fe7de2f3000 r-xp 00000000 08:01 2237361                    /usr/lib/jvm/java-1.6.0-openjdk-1.6.0.0.x86_64/jre/lib/amd64/libjava.so
7fe7de2f3000-7fe7de4f3000 ---p 0002b000 08:01 2237361                    /usr/lib/jvm/java-1.6.0-openjdk-1.6.0.0.x86_64/jre/lib/amd64/libjava.so
7fe7de4f3000-7fe7de4f7000 rw-p 0002b000 08:01 2237361                    /usr/lib/jvm/java-1.6.0-openjdk-1.6.0.0.x86_64/jre/lib/amd64/libjava.so
7fe7de4f7000-7fe7de505000 r-xp 00000000 08:01 2237380                    /usr/lib/jvm/java-1.6.0-openjdk-1.6.0.0.x86_64/jre/lib/amd64/libverify.so
7fe7de505000-7fe7de704000 ---p 0000e000 08:01 2237380                    /usr/lib/jvm/java-1.6.0-openjdk-1.6.0.0.x86_64/jre/lib/amd64/libverify.so
7fe7de704000-7fe7de706000 rw-p 0000d000 08:01 2237380                    /usr/lib/jvm/java-1.6.0-openjdk-1.6.0.0.x86_64/jre/lib/amd64/libverify.so
7fe7de706000-7fe7de709000 ---p 00000000 00:00 0 
7fe7de709000-7fe7de807000 rw-p 00000000 00:00 0 
7fe7de807000-7fe7df12b000 r-xp 00000000 08:01 2237385                    /usr/lib/jvm/java-1.6.0-openjdk-1.6.0.0.x86_64/jre/lib/amd64/server/libjvm.so
7fe7df12b000-7fe7df32a000 ---p 00924000 08:01 2237385                    /usr/lib/jvm/java-1.6.0-openjdk-1.6.0.0.x86_64/jre/lib/amd64/server/libjvm.so
7fe7df32a000-7fe7df3c5000 rw-p 00923000 08:01 2237385                    /usr/lib/jvm/java-1.6.0-openjdk-1.6.0.0.x86_64/jre/lib/amd64/server/libjvm.so
7fe7df3c5000-7fe7df3f2000 rw-p 00000000 00:00 0 
7fe7df3f3000-7fe7df3f4000 r--p 00000000 00:00 0 
7fe7df3f4000-7fe7df3f8000 r--s 00000000 08:01 107292                     /var/cache/fontconfig/3df8979866e8848a59fe99e84294e911-le64.cache-3
7fe7df3f8000-7fe7df3fa000 r--s 00000000 08:01 107555                     /var/cache/fontconfig/cf88f444488d569f9535e4f0ee8ed9a1-le64.cache-3
7fe7df3fa000-7fe7df3fd000 r--s 00000000 08:01 107420                     /var/cache/fontconfig/e3ead4b767b8819993a6fa3ae306afa9-le64.cache-3
7fe7df3fd000-7fe7df409000 r--s 00000000 08:01 107579                     /var/cache/fontconfig/18db0204b1f108dd01663673626fcd3d-le64.cache-3
7fe7df409000-7fe7df40a000 r--s 00000000 08:01 107581                     /var/cache/fontconfig/1248881498ac025e45c3042f6afe9284-le64.cache-3
7fe7df40a000-7fe7df40d000 r--s 00000000 08:01 107590                     /var/cache/fontconfig/beeeeb3dfe132a8a0633a017c99ce0c0-le64.cache-3
7fe7df40d000-7fe7df414000 r--s 00000000 08:01 1155074                    /usr/lib64/gconv/gconv-modules.cache
7fe7df414000-7fe7df41c000 rw-s 00000000 08:01 656420                     /tmp/hsperfdata_s1025224/12131
7fe7df41c000-7fe7df41d000 rw-p 00000000 00:00 0 
7fe7df41d000-7fe7df41e000 r--p 00000000 00:00 0 
7fe7df41e000-7fe7df41f000 rw-p 00000000 00:00 0 
7fffda8b6000-7fffda8cb000 rw-p 00000000 00:00 0                          [stack]
7fffda9ff000-7fffdaa00000 r-xp 00000000 00:00 0                          [vdso]
ffffffffff600000-ffffffffff601000 r-xp 00000000 00:00 0                  [vsyscall]

VM Arguments:
jvm_args: -Dfile.encoding=UTF-8 
java_command: RunVision -cp ./lib/v4l4j.jar
Launcher Type: SUN_STANDARD

Environment Variables:
PATH=/usr/lib64/qt-3.3/bin:/usr/local/bin/:/usr/games:/usr/local/sbin:/usr/bin:/bin:/opt/sicstus-4.0.1/bin
LD_LIBRARY_PATH=/usr/lib/jvm/java-1.6.0-openjdk-1.6.0.0.x86_64/jre/lib/amd64/server:/usr/lib/jvm/java-1.6.0-openjdk-1.6.0.0.x86_64/jre/lib/amd64:/usr/lib/jvm/java-1.6.0-openjdk-1.6.0.0.x86_64/jre/../lib/amd64:$LD_LIBRARY_PATH:./lib
SHELL=/bin/bash
DISPLAY=:0.0

Signal Handlers:
SIGSEGV: [libjvm.so+0x7a24b0], sa_mask[0]=0x7ffbfeff, sa_flags=0x10000004
SIGBUS: [libjvm.so+0x7a24b0], sa_mask[0]=0x7ffbfeff, sa_flags=0x10000004
SIGFPE: [libjvm.so+0x66bbf0], sa_mask[0]=0x7ffbfeff, sa_flags=0x10000004
SIGPIPE: [libjvm.so+0x66bbf0], sa_mask[0]=0x7ffbfeff, sa_flags=0x10000004
SIGXFSZ: [libjvm.so+0x66bbf0], sa_mask[0]=0x7ffbfeff, sa_flags=0x10000004
SIGILL: [libjvm.so+0x66bbf0], sa_mask[0]=0x7ffbfeff, sa_flags=0x10000004
SIGUSR1: SIG_DFL, sa_mask[0]=0x00000000, sa_flags=0x00000000
SIGUSR2: [libjvm.so+0x66b410], sa_mask[0]=0x00000004, sa_flags=0x10000004
SIGHUP: [libjvm.so+0x66d870], sa_mask[0]=0x7ffbfeff, sa_flags=0x10000004
SIGINT: [libjvm.so+0x66d870], sa_mask[0]=0x7ffbfeff, sa_flags=0x10000004
SIGTERM: [libjvm.so+0x66d870], sa_mask[0]=0x7ffbfeff, sa_flags=0x10000004
SIGQUIT: [libjvm.so+0x66d870], sa_mask[0]=0x7ffbfeff, sa_flags=0x10000004


---------------  S Y S T E M  ---------------

OS:Scientific Linux release 6.3 (Carbon)

uname:Linux 2.6.32-279.11.1.el6.x86_64 #1 SMP Tue Oct 16 11:16:02 CDT 2012 x86_64
libc:glibc 2.12 NPTL 2.12 
rlimit: STACK 10240k, CORE 0k, NPROC 1024, NOFILE 4096, AS infinity
load average:0.81 0.55 0.29

/proc/meminfo:
MemTotal:        3948084 kB
MemFree:         1589300 kB
Buffers:          152396 kB
Cached:          1016020 kB
SwapCached:            0 kB
Active:          1327028 kB
Inactive:         703160 kB
Active(anon):     844472 kB
Inactive(anon):    60568 kB
Active(file):     482556 kB
Inactive(file):   642592 kB
Unevictable:        7844 kB
Mlocked:            7844 kB
SwapTotal:       4096564 kB
SwapFree:        4096564 kB
Dirty:             10192 kB
Writeback:             0 kB
AnonPages:        873644 kB
Mapped:            98176 kB
Shmem:             36624 kB
Slab:             213060 kB
SReclaimable:     180308 kB
SUnreclaim:        32752 kB
KernelStack:        2632 kB
PageTables:        27208 kB
NFS_Unstable:          0 kB
Bounce:                0 kB
WritebackTmp:          0 kB
CommitLimit:     6070604 kB
Committed_AS:    1433880 kB
VmallocTotal:   34359738367 kB
VmallocUsed:      369088 kB
VmallocChunk:   34359297224 kB
HardwareCorrupted:     0 kB
AnonHugePages:    442368 kB
HugePages_Total:       0
HugePages_Free:        0
HugePages_Rsvd:        0
HugePages_Surp:        0
Hugepagesize:       2048 kB
DirectMap4k:        9860 kB
DirectMap2M:     4077568 kB


CPU:total 2 (2 cores per cpu, 1 threads per core) family 6 model 23 stepping 10, cmov, cx8, fxsr, mmx, sse, sse2, sse3, ssse3, sse4.1

Memory: 4k page, physical 3948084k(1589300k free), swap 4096564k(4096564k free)

vm_info: OpenJDK 64-Bit Server VM (20.0-b12) for linux-amd64 JRE (1.6.0_24-b24), built on Oct 17 2012 11:43:06 by "mockbuild" with gcc 4.4.6 20120305 (Red Hat 4.4.6-4)

time: Wed Jan 23 15:26:23 2013
elapsed time: 32 seconds

